Removed Pin From Net: NetName=MRAM_LB Pin=U1-A5
Removed Pin From Net: NetName=MRAM_E Pin=U1-A6
Removed Pin From Net: NetName=MRAM_A13 Pin=U1-A8
Removed Pin From Net: NetName=MRAM_A8 Pin=U1-A11
Removed Pin From Net: NetName=MRAM_A9 Pin=U1-A12
Removed Pin From Net: NetName=MRAM_W Pin=U1-B5
Removed Pin From Net: NetName=MRAM_A14 Pin=U1-B6
Removed Pin From Net: NetName=MRAM_A11 Pin=U1-B7
Removed Pin From Net: NetName=MRAM_A10 Pin=U1-B8
Removed Pin From Net: NetName=MRAM_A12 Pin=U1-B9
Removed Pin From Net: NetName=MRAM_A7 Pin=U1-B10
Removed Pin From Net: NetName=MRAM_A5 Pin=U1-B11
Removed Pin From Net: NetName=MRAM_A4 Pin=U1-B12
Removed Pin From Net: NetName=MRAM_G Pin=U1-C5
Removed Pin From Net: NetName=MRAM_A15 Pin=U1-C6
Removed Pin From Net: NetName=MRAM_A1 Pin=U1-C9
Removed Pin From Net: NetName=MRAM_A6 Pin=U1-C10
Removed Pin From Net: NetName=MRAM_DQU9 Pin=U1-C16
Removed Pin From Net: NetName=MRAM_A0 Pin=U1-D9
Removed Pin From Net: NetName=MRAM_DQU8 Pin=U1-D16
Removed Pin From Net: NetName=MRAM_A3 Pin=U1-E9
Removed Pin From Net: NetName=MRAM_UB Pin=U1-F7
Removed Pin From Net: NetName=MRAM_A2 Pin=U1-F9
Removed Pin From Net: NetName=MRAM_DQU15 Pin=U1-F16
Removed Pin From Net: NetName=MRAM_DQU12 Pin=U1-G14
Removed Pin From Net: NetName=MRAM_DQU13 Pin=U1-G15
Removed Pin From Net: NetName=MRAM_DQU14 Pin=U1-G16
Removed Pin From Net: NetName=MRAM_DQU10 Pin=U1-H11
Removed Pin From Net: NetName=MRAM_DQU11 Pin=U1-H12
Removed Pin From Net: NetName=MRAM_DQL6 Pin=U1-H15
Removed Pin From Net: NetName=MRAM_DQL7 Pin=U1-H16
Removed Pin From Net: NetName=MRAM_DQL0 Pin=U1-J11
Removed Pin From Net: NetName=MRAM_DQL1 Pin=U1-J12
Removed Pin From Net: NetName=MRAM_DQL2 Pin=U1-J14
Removed Pin From Net: NetName=MRAM_DQL4 Pin=U1-J15
Removed Pin From Net: NetName=MRAM_DQL5 Pin=U1-J16
Removed Pin From Net: NetName=MRAM_DQL3 Pin=U1-K15
Added Pin To Net: NetName=MRAM_DQU13 Pin=U1-A2
Added Pin To Net: NetName=MRAM_DQU12 Pin=U1-A3
Added Pin To Net: NetName=MRAM_DQU15 Pin=U1-A4
Added Pin To Net: NetName=MRAM_DQU9 Pin=U1-A5
Added Pin To Net: NetName=MRAM_DQL5 Pin=U1-A6
Added Pin To Net: NetName=MRAM_DQL4 Pin=U1-A7
Added Pin To Net: NetName=MRAM_DQL1 Pin=U1-A8
Added Pin To Net: NetName=MRAM_DQU14 Pin=U1-B3
Added Pin To Net: NetName=MRAM_DQU8 Pin=U1-B4
Added Pin To Net: NetName=MRAM_DQL6 Pin=U1-B5
Added Pin To Net: NetName=MRAM_DQL2 Pin=U1-B6
Added Pin To Net: NetName=MRAM_DQL0 Pin=U1-B9
Added Pin To Net: NetName=MRAM_DQL7 Pin=U1-C5
Added Pin To Net: NetName=MRAM_DQL3 Pin=U1-C6
Added Pin To Net: NetName=MRAM_W Pin=U1-C14
Added Pin To Net: NetName=MRAM_UB Pin=U1-C15
Added Pin To Net: NetName=MRAM_E Pin=U1-D14
Added Pin To Net: NetName=MRAM_A9 Pin=U1-D15
Added Pin To Net: NetName=MRAM_DQU11 Pin=U1-E7
Added Pin To Net: NetName=MRAM_LB Pin=U1-E14
Added Pin To Net: NetName=MRAM_A8 Pin=U1-E15
Added Pin To Net: NetName=MRAM_A5 Pin=U1-E16
Added Pin To Net: NetName=MRAM_DQU10 Pin=U1-F7
Added Pin To Net: NetName=MRAM_G Pin=U1-F14
Added Pin To Net: NetName=MRAM_A4 Pin=U1-F16
Added Pin To Net: NetName=MRAM_A13 Pin=U1-G11
Added Pin To Net: NetName=MRAM_A10 Pin=U1-G12
Added Pin To Net: NetName=MRAM_A7 Pin=U1-G15
Added Pin To Net: NetName=MRAM_A3 Pin=U1-G16
Added Pin To Net: NetName=MRAM_A14 Pin=U1-H11
Added Pin To Net: NetName=MRAM_A11 Pin=U1-H12
Added Pin To Net: NetName=MRAM_A6 Pin=U1-H15
Added Pin To Net: NetName=MRAM_A2 Pin=U1-H16
Added Pin To Net: NetName=MRAM_A15 Pin=U1-J11
Added Pin To Net: NetName=MRAM_A12 Pin=U1-J12
Added Pin To Net: NetName=MRAM_A1 Pin=U1-J16
Added Pin To Net: NetName=MRAM_A0 Pin=U1-K15
