Removed Pin From Net: NetName=MRAM_W Pin=U1-C14
Removed Pin From Net: NetName=MRAM_UB Pin=U1-C15
Removed Pin From Net: NetName=MRAM_E Pin=U1-D14
Removed Pin From Net: NetName=MRAM_A9 Pin=U1-D15
Removed Pin From Net: NetName=MRAM_LB Pin=U1-E14
Removed Pin From Net: NetName=MRAM_A8 Pin=U1-E15
Removed Pin From Net: NetName=MRAM_A5 Pin=U1-E16
Removed Pin From Net: NetName=MRAM_G Pin=U1-F14
Removed Pin From Net: NetName=MRAM_A4 Pin=U1-F16
Removed Pin From Net: NetName=MRAM_A13 Pin=U1-G11
Removed Pin From Net: NetName=MRAM_A10 Pin=U1-G12
Removed Pin From Net: NetName=MRAM_A7 Pin=U1-G15
Removed Pin From Net: NetName=MRAM_A3 Pin=U1-G16
Removed Pin From Net: NetName=MRAM_A14 Pin=U1-H11
Removed Pin From Net: NetName=MRAM_A11 Pin=U1-H12
Removed Pin From Net: NetName=MRAM_A6 Pin=U1-H15
Removed Pin From Net: NetName=MRAM_A2 Pin=U1-H16
Removed Pin From Net: NetName=MRAM_A15 Pin=U1-J11
Removed Pin From Net: NetName=MRAM_A12 Pin=U1-J12
Removed Pin From Net: NetName=MRAM_A1 Pin=U1-J16
Removed Pin From Net: NetName=MRAM_A0 Pin=U1-K15
Added Pin To Net: NetName=MRAM_A10 Pin=U1-C14
Added Pin To Net: NetName=MRAM_A9 Pin=U1-C15
Added Pin To Net: NetName=MRAM_A11 Pin=U1-D14
Added Pin To Net: NetName=MRAM_A8 Pin=U1-D15
Added Pin To Net: NetName=MRAM_A12 Pin=U1-E14
Added Pin To Net: NetName=MRAM_A7 Pin=U1-E15
Added Pin To Net: NetName=MRAM_A6 Pin=U1-E16
Added Pin To Net: NetName=MRAM_A5 Pin=U1-F14
Added Pin To Net: NetName=MRAM_W Pin=U1-F16
Added Pin To Net: NetName=MRAM_A4 Pin=U1-G14
Added Pin To Net: NetName=MRAM_LB Pin=U1-G15
Added Pin To Net: NetName=MRAM_E Pin=U1-G16
Added Pin To Net: NetName=MRAM_G Pin=U1-H12
Added Pin To Net: NetName=MRAM_A3 Pin=U1-H15
Added Pin To Net: NetName=MRAM_UB Pin=U1-H16
Added Pin To Net: NetName=MRAM_A0 Pin=U1-J11
Added Pin To Net: NetName=MRAM_A14 Pin=U1-J12
Added Pin To Net: NetName=MRAM_A1 Pin=U1-J14
Added Pin To Net: NetName=MRAM_A13 Pin=U1-J15
Added Pin To Net: NetName=MRAM_A2 Pin=U1-J16
Added Pin To Net: NetName=MRAM_A15 Pin=U1-K15
