Change Component Designator: Old Designator=C6 New Designator=C7
Change Component Designator: Old Designator=C7 New Designator=C9
Change Component Designator: Old Designator=C8 New Designator=C10
Change Component Designator: Old Designator=C9 New Designator=C12
Change Component Designator: Old Designator=C10 New Designator=C14
Change Component Designator: Old Designator=C11 New Designator=C15
Change Component Designator: Old Designator=C12 New Designator=C16
Change Component Designator: Old Designator=C13 New Designator=C6
Change Component Designator: Old Designator=C14 New Designator=C8
Change Component Designator: Old Designator=C15 New Designator=C20
Change Component Designator: Old Designator=C16 New Designator=C21
Change Component Designator: Old Designator=C17 New Designator=C11
Change Component Designator: Old Designator=C18 New Designator=C22
Change Component Designator: Old Designator=C19 New Designator=C13
Change Component Designator: Old Designator=C20 New Designator=C24
Change Component Designator: Old Designator=C21 New Designator=C17
Change Component Designator: Old Designator=C22 New Designator=C18
Change Component Designator: Old Designator=C23 New Designator=C19
Change Component Designator: Old Designator=C24 New Designator=C25
Change Component Designator: Old Designator=C25 New Designator=C29
Change Component Designator: Old Designator=C26 New Designator=C23
Change Component Designator: Old Designator=C27 New Designator=C33
Change Component Designator: Old Designator=C28 New Designator=C26
Change Component Designator: Old Designator=C29 New Designator=C27
Change Component Designator: Old Designator=C30 New Designator=C28
Change Component Designator: Old Designator=C31 New Designator=C38
Change Component Designator: Old Designator=C32 New Designator=C39
Change Component Designator: Old Designator=C33 New Designator=C40
Change Component Designator: Old Designator=C34 New Designator=C41
Change Component Designator: Old Designator=C35 New Designator=C42
Change Component Designator: Old Designator=C36 New Designator=C43
Change Component Designator: Old Designator=C37 New Designator=C44
Change Component Designator: Old Designator=C38 New Designator=C45
Change Component Designator: Old Designator=C39 New Designator=C46
Change Component Designator: Old Designator=C40 New Designator=C47
Change Component Designator: Old Designator=C41 New Designator=C52
Change Component Designator: Old Designator=C42 New Designator=C30
Change Component Designator: Old Designator=C43 New Designator=C31
Change Component Designator: Old Designator=C44 New Designator=C32
Change Component Designator: Old Designator=C45 New Designator=C53
Change Component Designator: Old Designator=C46 New Designator=C54
Change Component Designator: Old Designator=C47 New Designator=C55
Change Component Designator: Old Designator=C48 New Designator=C34
Change Component Designator: Old Designator=C49 New Designator=C35
Change Component Designator: Old Designator=C50 New Designator=C36
Change Component Designator: Old Designator=C51 New Designator=C37
Change Component Designator: Old Designator=C52 New Designator=C60
Change Component Designator: Old Designator=C53 New Designator=C48
Change Component Designator: Old Designator=C54 New Designator=C49
Change Component Designator: Old Designator=C55 New Designator=C50
Change Component Designator: Old Designator=C56 New Designator=C51
Change Component Designator: Old Designator=C57 New Designator=C65
Change Component Designator: Old Designator=C58 New Designator=C56
Change Component Designator: Old Designator=C59 New Designator=C57
Change Component Designator: Old Designator=C60 New Designator=C58
Change Component Designator: Old Designator=C61 New Designator=C59
Change Component Designator: Old Designator=C62 New Designator=C67
Change Component Designator: Old Designator=C63 New Designator=C68
Change Component Designator: Old Designator=C64 New Designator=C69
Change Component Designator: Old Designator=C65 New Designator=C61
Change Component Designator: Old Designator=C66 New Designator=C62
Change Component Designator: Old Designator=C67 New Designator=C63
Change Component Designator: Old Designator=C68 New Designator=C64
Change Component Designator: Old Designator=C69 New Designator=C70
Change Component Designator: Old Designator=C70 New Designator=C71
Change Component Designator: Old Designator=C71 New Designator=C73
Change Component Designator: Old Designator=C New Designator=C66
Change Component Designator: Old Designator=C New Designator=C72
Change Component Designator: Old Designator=L New Designator=L4
Change Component Designator: Old Designator=R2 New Designator=R3
Change Component Designator: Old Designator=R3 New Designator=R4
Change Component Designator: Old Designator=R4 New Designator=R2
Change Component Designator: Old Designator=R5 New Designator=R8
Change Component Designator: Old Designator=R6 New Designator=R9
Change Component Designator: Old Designator=R7 New Designator=R10
Change Component Designator: Old Designator=R8 New Designator=R5
Change Component Designator: Old Designator=R9 New Designator=R6
Change Component Designator: Old Designator=R10 New Designator=R11
Change Component Designator: Old Designator=R11 New Designator=R7
Change Component Designator: Old Designator=R15 New Designator=R16
Change Component Designator: Old Designator=R16 New Designator=R15
Change Component Designator: Old Designator=R17 New Designator=R18
Change Component Designator: Old Designator=R18 New Designator=R17
Change Component Designator: Old Designator=R24 New Designator=R25
Change Component Designator: Old Designator=R25 New Designator=R24
Change Component Designator: Old Designator=R37 New Designator=R38
Change Component Designator: Old Designator=R38 New Designator=R37
Change Component Designator: Old Designator=R40 New Designator=R41
Change Component Designator: Old Designator=R41 New Designator=R40
Change Component Designator: Old Designator=Shunt1 New Designator=Shunt2
Change Component Designator: Old Designator=Shunt2 New Designator=Shunt1
Change Component Designator: Old Designator=U4 New Designator=U5
Change Component Designator: Old Designator=U5 New Designator=U4
Change Component Designator: Old Designator=U9 New Designator=U10
Change Component Designator: Old Designator=U10 New Designator=U9
Change Component Designator: Old Designator=U10 New Designator=U9
Change Component Designator: Old Designator=U10 New Designator=U9
Change Component Designator: Old Designator=U12 New Designator=U13
Change Component Designator: Old Designator=U13 New Designator=U14
Change Component Designator: Old Designator=U New Designator=U12
Change Component Designator: Old Designator=U New Designator=U12
Change Component Designator: Old Designator=U New Designator=U12
