Change Component Designator: OldDesignator=1 NewDesignator=U?
Change Component Designator: OldDesignator=C1 NewDesignator=C?
Change Component Designator: OldDesignator=C2 NewDesignator=C?
Change Component Designator: OldDesignator=C3 NewDesignator=C?
Change Component Designator: OldDesignator=C4 NewDesignator=C?
Change Component Designator: OldDesignator=C5 NewDesignator=C?
Change Component Designator: OldDesignator=C6 NewDesignator=C?
Change Component Designator: OldDesignator=C7 NewDesignator=C?
Change Component Designator: OldDesignator=C8 NewDesignator=C?
Change Component Designator: OldDesignator=C9 NewDesignator=C?
Change Component Designator: OldDesignator=C10 NewDesignator=C?
Change Component Designator: OldDesignator=C11 NewDesignator=C?
Change Component Designator: OldDesignator=C12 NewDesignator=C?
Change Component Designator: OldDesignator=C13 NewDesignator=C?
Change Component Designator: OldDesignator=C14 NewDesignator=C?
Change Component Designator: OldDesignator=C15 NewDesignator=C?
Change Component Designator: OldDesignator=C16 NewDesignator=C?
Change Component Designator: OldDesignator=C17 NewDesignator=C?
Change Component Designator: OldDesignator=C18 NewDesignator=C?
Change Component Designator: OldDesignator=C19 NewDesignator=C?
Change Component Designator: OldDesignator=C20 NewDesignator=C?
Change Component Designator: OldDesignator=C21 NewDesignator=C?
Change Component Designator: OldDesignator=C22 NewDesignator=C?
Change Component Designator: OldDesignator=C23 NewDesignator=C?
Change Component Designator: OldDesignator=C24 NewDesignator=C?
Change Component Designator: OldDesignator=C25 NewDesignator=C?
Change Component Designator: OldDesignator=C26 NewDesignator=C?
Change Component Designator: OldDesignator=C27 NewDesignator=C?
Change Component Designator: OldDesignator=C28 NewDesignator=C?
Change Component Designator: OldDesignator=C29 NewDesignator=C?
Change Component Designator: OldDesignator=C30 NewDesignator=C?
Change Component Designator: OldDesignator=C31 NewDesignator=C?
Change Component Designator: OldDesignator=C32 NewDesignator=C?
Change Component Designator: OldDesignator=C33 NewDesignator=C?
Change Component Designator: OldDesignator=C34 NewDesignator=C?
Change Component Designator: OldDesignator=C35 NewDesignator=C?
Change Component Designator: OldDesignator=C36 NewDesignator=C?
Change Component Designator: OldDesignator=C37 NewDesignator=C?
Change Component Designator: OldDesignator=C38 NewDesignator=C?
Change Component Designator: OldDesignator=C39 NewDesignator=C?
Change Component Designator: OldDesignator=C40 NewDesignator=C?
Change Component Designator: OldDesignator=C41 NewDesignator=C?
Change Component Designator: OldDesignator=C42 NewDesignator=C?
Change Component Designator: OldDesignator=C43 NewDesignator=C?
Change Component Designator: OldDesignator=C44 NewDesignator=C?
Change Component Designator: OldDesignator=C45 NewDesignator=C?
Change Component Designator: OldDesignator=C46 NewDesignator=C?
Change Component Designator: OldDesignator=C47 NewDesignator=C?
Change Component Designator: OldDesignator=C48 NewDesignator=C?
Change Component Designator: OldDesignator=C49 NewDesignator=C?
Change Component Designator: OldDesignator=C50 NewDesignator=C?
Change Component Designator: OldDesignator=C51 NewDesignator=C?
Change Component Designator: OldDesignator=C52 NewDesignator=C?
Change Component Designator: OldDesignator=C53 NewDesignator=C?
Change Component Designator: OldDesignator=C54 NewDesignator=C?
Change Component Designator: OldDesignator=C55 NewDesignator=C?
Change Component Designator: OldDesignator=C56 NewDesignator=C?
Change Component Designator: OldDesignator=C57 NewDesignator=C?
Change Component Designator: OldDesignator=C58 NewDesignator=C?
Change Component Designator: OldDesignator=C59 NewDesignator=C?
Change Component Designator: OldDesignator=C60 NewDesignator=C?
Change Component Designator: OldDesignator=C61 NewDesignator=C?
Change Component Designator: OldDesignator=C62 NewDesignator=C?
Change Component Designator: OldDesignator=C63 NewDesignator=C?
Change Component Designator: OldDesignator=C64 NewDesignator=C?
Change Component Designator: OldDesignator=C65 NewDesignator=C?
Change Component Designator: OldDesignator=C66 NewDesignator=C?
Change Component Designator: OldDesignator=C67 NewDesignator=C?
Change Component Designator: OldDesignator=C68 NewDesignator=C?
Change Component Designator: OldDesignator=C69 NewDesignator=C?
Change Component Designator: OldDesignator=C70 NewDesignator=C?
Change Component Designator: OldDesignator=C71 NewDesignator=C?
Change Component Designator: OldDesignator=D1 NewDesignator=D?
Change Component Designator: OldDesignator=D2 NewDesignator=D?
Change Component Designator: OldDesignator=D3 NewDesignator=D?
Change Component Designator: OldDesignator=HD1 NewDesignator=HD?
Change Component Designator: OldDesignator=J1 NewDesignator=J?
Change Component Designator: OldDesignator=J2 NewDesignator=J?
Change Component Designator: OldDesignator=JTAG1 NewDesignator=JTAG?
Change Component Designator: OldDesignator=L1 NewDesignator=L?
Change Component Designator: OldDesignator=L2 NewDesignator=L?
Change Component Designator: OldDesignator=L3 NewDesignator=L?
Change Component Designator: OldDesignator=LED1 NewDesignator=LED?
Change Component Designator: OldDesignator=LED2 NewDesignator=LED?
Change Component Designator: OldDesignator=LED3 NewDesignator=LED?
Change Component Designator: OldDesignator=PMOD1 NewDesignator=PMOD?
Change Component Designator: OldDesignator=PMOD2 NewDesignator=PMOD?
Change Component Designator: OldDesignator=PMOD3 NewDesignator=PMOD?
Change Component Designator: OldDesignator=R1 NewDesignator=R?
Change Component Designator: OldDesignator=R2 NewDesignator=R?
Change Component Designator: OldDesignator=R3 NewDesignator=R?
Change Component Designator: OldDesignator=R4 NewDesignator=R?
Change Component Designator: OldDesignator=R5 NewDesignator=R?
Change Component Designator: OldDesignator=R6 NewDesignator=R?
Change Component Designator: OldDesignator=R7 NewDesignator=R?
Change Component Designator: OldDesignator=R8 NewDesignator=R?
Change Component Designator: OldDesignator=R9 NewDesignator=R?
Change Component Designator: OldDesignator=R10 NewDesignator=R?
Change Component Designator: OldDesignator=R11 NewDesignator=R?
Change Component Designator: OldDesignator=R12 NewDesignator=R?
Change Component Designator: OldDesignator=R13 NewDesignator=R?
Change Component Designator: OldDesignator=R14 NewDesignator=R?
Change Component Designator: OldDesignator=R15 NewDesignator=R?
Change Component Designator: OldDesignator=R16 NewDesignator=R?
Change Component Designator: OldDesignator=R17 NewDesignator=R?
Change Component Designator: OldDesignator=R18 NewDesignator=R?
Change Component Designator: OldDesignator=R19 NewDesignator=R?
Change Component Designator: OldDesignator=R20 NewDesignator=R?
Change Component Designator: OldDesignator=R21 NewDesignator=R?
Change Component Designator: OldDesignator=R22 NewDesignator=R?
Change Component Designator: OldDesignator=R23 NewDesignator=R?
Change Component Designator: OldDesignator=R24 NewDesignator=R?
Change Component Designator: OldDesignator=R25 NewDesignator=R?
Change Component Designator: OldDesignator=R26 NewDesignator=R?
Change Component Designator: OldDesignator=R27 NewDesignator=R?
Change Component Designator: OldDesignator=R28 NewDesignator=R?
Change Component Designator: OldDesignator=R29 NewDesignator=R?
Change Component Designator: OldDesignator=R30 NewDesignator=R?
Change Component Designator: OldDesignator=R31 NewDesignator=R?
Change Component Designator: OldDesignator=R32 NewDesignator=R?
Change Component Designator: OldDesignator=R33 NewDesignator=R?
Change Component Designator: OldDesignator=R34 NewDesignator=R?
Change Component Designator: OldDesignator=R35 NewDesignator=R?
Change Component Designator: OldDesignator=R36 NewDesignator=R?
Change Component Designator: OldDesignator=R37 NewDesignator=R?
Change Component Designator: OldDesignator=R38 NewDesignator=R?
Change Component Designator: OldDesignator=U1 NewDesignator=U?
Change Component Designator: OldDesignator=U2 NewDesignator=U?
Change Component Designator: OldDesignator=U3 NewDesignator=U?
Change Component Designator: OldDesignator=U4 NewDesignator=U?
Change Component Designator: OldDesignator=U5 NewDesignator=U?
Change Component Designator: OldDesignator=U6 NewDesignator=U?
Change Component Designator: OldDesignator=U7 NewDesignator=U?
Change Component Designator: OldDesignator=U8 NewDesignator=U?
Change Component Designator: OldDesignator=U9 NewDesignator=U?
Change Component Designator: OldDesignator=U10 NewDesignator=U?
Change Component Designator: OldDesignator=U11 NewDesignator=U?
Change Component Designator: OldDesignator=USB1 NewDesignator=USB?
Change Net Name : Old Net Name=Net1_1 New Net Name=NetC?_1
Change Net Name : Old Net Name=Net1_2 New Net Name=NetC?_1
Change Net Name : Old Net Name=NetC16_1 New Net Name=NetC?_1
Change Net Name : Old Net Name=NetC17_1 New Net Name=NetC?_1
Change Net Name : Old Net Name=NetC18_1 New Net Name=NetC?_1
Change Net Name : Old Net Name=NetC19_1 New Net Name=NetC?_1
Change Net Name : Old Net Name=NetC23_2 New Net Name=NetC?_2
Change Net Name : Old Net Name=NetC26_1 New Net Name=NetC?_1
Change Net Name : Old Net Name=NetC27_1 New Net Name=NetC?_1
Change Net Name : Old Net Name=NetC28_1 New Net Name=NetC?_1
Change Net Name : Old Net Name=NetC39_1 New Net Name=NetC?_1
Change Net Name : Old Net Name=NetC46_1 New Net Name=NetC?_1
Change Net Name : Old Net Name=NetC48_1 New Net Name=NetC?_1
Change Net Name : Old Net Name=NetC52_1 New Net Name=NetC?_1
Change Net Name : Old Net Name=NetC53_1 New Net Name=NetC?_1
Change Net Name : Old Net Name=NetC57_1 New Net Name=NetC?_1
Change Net Name : Old Net Name=NetC63_1 New Net Name=NetC?_1
Change Net Name : Old Net Name=NetC70_1 New Net Name=NetC?_1
Change Net Name : Old Net Name=NetC71_1 New Net Name=NetC?_1
Change Net Name : Old Net Name=NetD3_2 New Net Name=NetD?_2
Change Net Name : Old Net Name=NetLED1_4 New Net Name=NetLED?_4
Change Net Name : Old Net Name=NetLED1_5 New Net Name=NetLED?_5
Change Net Name : Old Net Name=NetLED1_6 New Net Name=NetLED?_6
Change Net Name : Old Net Name=NetLED2_4 New Net Name=NetLED?_4
Change Net Name : Old Net Name=NetLED2_5 New Net Name=NetLED?_5
Change Net Name : Old Net Name=NetLED2_6 New Net Name=NetLED?_6
Change Net Name : Old Net Name=NetLED3_4 New Net Name=NetLED?_4
Change Net Name : Old Net Name=NetLED3_5 New Net Name=NetLED?_5
Change Net Name : Old Net Name=NetLED3_6 New Net Name=NetLED?_6
Change Net Name : Old Net Name=NetR1_1 New Net Name=NetR?_1
Change Net Name : Old Net Name=NetR2_1 New Net Name=NetR?_1
Change Net Name : Old Net Name=NetR3_1 New Net Name=NetR?_1
Change Net Name : Old Net Name=NetR11_1 New Net Name=NetR?_1
Change Net Name : Old Net Name=NetR24_2 New Net Name=NetR?_2
Change Net Name : Old Net Name=NetR26_2 New Net Name=NetR?_2
Change Net Name : Old Net Name=NetR28_2 New Net Name=NetR?_2
Change Net Name : Old Net Name=NetR29_2 New Net Name=NetR?_2
Change Net Name : Old Net Name=NetR30_2 New Net Name=NetR?_1
Change Net Name : Old Net Name=NetR33_2 New Net Name=NetR?_2
Change Net Name : Old Net Name=NetU1_K6 New Net Name=NetU?_4
Change Net Name : Old Net Name=NetU10_4 New Net Name=NetU?_2
