Change Net Name : Old Net Name=RX1 New Net Name=ADBUS0
Change Net Name : Old Net Name=TX1 New Net Name=ADBUS1
Added Pin To Net: NetName=AD5 Pin=HD1-13
Added Pin To Net: NetName=AD5 Pin=U1-G2
Added Net: Name=AD5
Added Pin To Net: NetName=AD6 Pin=HD1-14
Added Pin To Net: NetName=AD6 Pin=U1-F1
Added Net: Name=AD6
Added Pin To Net: NetName=AD7 Pin=HD1-15
Added Pin To Net: NetName=AD7 Pin=U1-E1
Added Net: Name=AD7
Added Pin To Net: NetName=AD8 Pin=HD1-16
Added Pin To Net: NetName=AD8 Pin=U1-D1
Added Net: Name=AD8
Added Pin To Net: NetName=ADBUS2 Pin=U1-R12
Added Pin To Net: NetName=ADBUS2 Pin=U13-18
Added Net: Name=ADBUS2
Added Pin To Net: NetName=ADBUS3 Pin=U1-R11
Added Pin To Net: NetName=ADBUS3 Pin=U13-19
Added Net: Name=ADBUS3
Added Pin To Net: NetName=ADBUS4 Pin=U1-L9
Added Pin To Net: NetName=ADBUS4 Pin=U13-21
Added Net: Name=ADBUS4
Added Pin To Net: NetName=ADBUS5 Pin=U1-M10
Added Pin To Net: NetName=ADBUS5 Pin=U13-22
Added Net: Name=ADBUS5
Added Pin To Net: NetName=ADBUS6 Pin=U1-P12
Added Pin To Net: NetName=ADBUS6 Pin=U13-23
Added Net: Name=ADBUS6
Added Pin To Net: NetName=ADBUS7 Pin=U1-P13
Added Pin To Net: NetName=ADBUS7 Pin=U13-24
Added Net: Name=ADBUS7
Added Pin To Net: NetName=BDBUS0 Pin=U1-L2
Added Pin To Net: NetName=BDBUS0 Pin=U13-38
Added Net: Name=BDBUS0
Added Pin To Net: NetName=BDBUS1 Pin=U1-M2
Added Pin To Net: NetName=BDBUS1 Pin=U13-39
Added Net: Name=BDBUS1
Added Pin To Net: NetName=BDBUS2 Pin=U1-P1
Added Pin To Net: NetName=BDBUS2 Pin=U13-40
Added Net: Name=BDBUS2
Added Pin To Net: NetName=BDBUS3 Pin=U1-N2
Added Pin To Net: NetName=BDBUS3 Pin=U13-41
Added Net: Name=BDBUS3
Added Pin To Net: NetName=BDBUS4 Pin=U1-K5
Added Pin To Net: NetName=BDBUS4 Pin=U13-43
Added Net: Name=BDBUS4
Added Pin To Net: NetName=BDBUS5 Pin=U1-L6
Added Pin To Net: NetName=BDBUS5 Pin=U13-44
Added Net: Name=BDBUS5
Added Pin To Net: NetName=BDBUS6 Pin=U1-N3
Added Pin To Net: NetName=BDBUS6 Pin=U13-45
Added Net: Name=BDBUS6
Added Pin To Net: NetName=BDBUS7 Pin=U1-N4
Added Pin To Net: NetName=BDBUS7 Pin=U13-46
Added Net: Name=BDBUS7
