Removed Pin From Net: NetName=MRAM_DQU12 Pin=U1-A2
Removed Pin From Net: NetName=MRAM_DQU13 Pin=U1-A3
Removed Pin From Net: NetName=MRAM_DQU15 Pin=U1-A4
Removed Pin From Net: NetName=MRAM_DQU9 Pin=U1-A5
Removed Pin From Net: NetName=MRAM_DQU14 Pin=U1-B3
Removed Pin From Net: NetName=MRAM_DQU8 Pin=U1-B4
Removed Pin From Net: NetName=MRAM_DQL6 Pin=U1-B5
Removed Pin From Net: NetName=MRAM_DQL2 Pin=U1-B6
Removed Pin From Net: NetName=MRAM_DQL0 Pin=U1-B9
Removed Pin From Net: NetName=MRAM_DQL4 Pin=U1-B11
Removed Pin From Net: NetName=MRAM_DQL5 Pin=U1-B12
Removed Pin From Net: NetName=MRAM_DQL7 Pin=U1-C5
Removed Pin From Net: NetName=MRAM_DQL3 Pin=U1-C6
Removed Pin From Net: NetName=MRAM_DQL1 Pin=U1-C10
Removed Pin From Net: NetName=MRAM_DQU10 Pin=U1-E7
Removed Pin From Net: NetName=MRAM_DQU11 Pin=U1-F7
Added Pin To Net: NetName=MRAM_DQL7 Pin=U1-A2
Added Pin To Net: NetName=MRAM_DQL6 Pin=U1-A3
Added Pin To Net: NetName=MRAM_DQL4 Pin=U1-A4
Added Pin To Net: NetName=MRAM_DQL3 Pin=U1-A5
Added Pin To Net: NetName=MRAM_DQL2 Pin=U1-A6
Added Pin To Net: NetName=MRAM_DQL1 Pin=U1-A7
Added Pin To Net: NetName=MRAM_DQL0 Pin=U1-A8
Added Pin To Net: NetName=MRAM_DQU12 Pin=U1-A11
Added Pin To Net: NetName=MRAM_DQU14 Pin=U1-A12
Added Pin To Net: NetName=MRAM_DQL5 Pin=U1-B3
Added Pin To Net: NetName=MRAM_DQU8 Pin=U1-B9
Added Pin To Net: NetName=MRAM_DQU10 Pin=U1-B10
Added Pin To Net: NetName=MRAM_DQU13 Pin=U1-B11
Added Pin To Net: NetName=MRAM_DQU15 Pin=U1-B12
Added Pin To Net: NetName=MRAM_DQU9 Pin=U1-C9
Added Pin To Net: NetName=MRAM_DQU11 Pin=U1-C10
