Removed Pin From Net: NetName=4.5V Pin=C6-1
Removed Pin From Net: NetName=4.5V Pin=C13-1
Removed Pin From Net: NetName=3.3VEXT-B Pin=J2-2
Removed Pin From Net: NetName=3.3VEXT Pin=J2-3
Removed Pin From Net: NetName=4.5V Pin=U4-5
Removed Pin From Net: NetName=4.5V Pin=U4-6
Removed Pin From Net: NetName=4.5V Pin=U4-7
Removed Pin From Net: NetName=4.5V Pin=U5-5
Removed Pin From Net: NetName=4.5V Pin=U5-6
Removed Pin From Net: NetName=4.5V Pin=U5-7
Added Pin To Net: NetName=3.3V Pin=C6-1
Added Pin To Net: NetName=3.3V Pin=C13-1
Added Pin To Net: NetName=3.3VEXT Pin=J2-2
Added Pin To Net: NetName=3.3V Pin=J2-3
Added Pin To Net: NetName=3.3V Pin=U4-5
Added Pin To Net: NetName=3.3V Pin=U4-6
Added Pin To Net: NetName=3.3V Pin=U4-7
Added Pin To Net: NetName=3.3V Pin=U5-5
Added Pin To Net: NetName=3.3V Pin=U5-6
Added Pin To Net: NetName=3.3V Pin=U5-7
