Change Component Designator: OldDesignator=R27 NewDesignator=R28
Change Component Designator: OldDesignator=R28 NewDesignator=R29
Change Component Designator: OldDesignator=R29 NewDesignator=R30
Change Component Designator: OldDesignator=R30 NewDesignator=R27
Change Component Designator: OldDesignator=R35 NewDesignator=R36
Change Component Designator: OldDesignator=R36 NewDesignator=R37
Change Component Designator: OldDesignator=R37 NewDesignator=R39
Change Component Designator: OldDesignator=R38 NewDesignator=R40
Change Component Designator: OldDesignator=U12 NewDesignator=U13
Added Component: Designator=R35(CC0402_p56_TLH)
Added Component: Designator=R38(CC0402_p56_TLH)
Added Component: Designator=R41(CC0402_p56_TLH)
Added Component: Designator=U12(SOT23_SOT95P245X112-3N_20151202)
Added Pin To Net: NetName=2.5V Pin=R35-1
Added Pin To Net: NetName=GND Pin=R41-2
Added Pin To Net: NetName=3.3V Pin=U6-10
Added Pin To Net: NetName=GND Pin=U12-3
Change Net Name : Old Net Name=NetR27_2 New Net Name=NetR28_2
Change Net Name : Old Net Name=NetR28_2 New Net Name=NetR29_2
Change Net Name : Old Net Name=NetR29_2 New Net Name=NetR30_2
Added Pin To Net: NetName=NetR35_2 Pin=R35-2
Added Pin To Net: NetName=NetR35_2 Pin=R38-1
Added Pin To Net: NetName=NetR35_2 Pin=U1-E4
Added Pin To Net: NetName=NetR35_2 Pin=U12-2
Added Net: Name=NetR35_2
Added Pin To Net: NetName=NetR38_2 Pin=R38-2
Added Pin To Net: NetName=NetR38_2 Pin=R41-1
Added Pin To Net: NetName=NetR38_2 Pin=U12-1
Added Net: Name=NetR38_2
Added Member To Class: ClassName=VALIX_Font14 Member=Component R39 1.0K
Added Member To Class: ClassName=VALIX_Font14 Member=Component R40 1.0K
Added Member To Class: ClassName=VALIX_Font14 Member=Component R41 12.4k
Added Member To Class: ClassName=VALIX_Font14 Member=Component U13 IC FT2232HL-Tray
