Change Component Designator: OldDesignator=C? NewDesignator=C1
Change Component Designator: OldDesignator=C? NewDesignator=C2
Change Component Designator: OldDesignator=C? NewDesignator=C3
Change Component Designator: OldDesignator=C? NewDesignator=C4
Change Component Designator: OldDesignator=C? NewDesignator=C5
Change Component Designator: OldDesignator=C? NewDesignator=C6
Change Component Designator: OldDesignator=C? NewDesignator=C7
Change Component Designator: OldDesignator=C? NewDesignator=C8
Change Component Designator: OldDesignator=C? NewDesignator=C9
Change Component Designator: OldDesignator=C? NewDesignator=C10
Change Component Designator: OldDesignator=C? NewDesignator=C11
Change Component Designator: OldDesignator=C? NewDesignator=C12
Change Component Designator: OldDesignator=C? NewDesignator=C13
Change Component Designator: OldDesignator=C? NewDesignator=C14
Change Component Designator: OldDesignator=C? NewDesignator=C15
Change Component Designator: OldDesignator=C? NewDesignator=C16
Change Component Designator: OldDesignator=C? NewDesignator=C17
Change Component Designator: OldDesignator=C? NewDesignator=C18
Change Component Designator: OldDesignator=C? NewDesignator=C19
Change Component Designator: OldDesignator=C? NewDesignator=C20
Change Component Designator: OldDesignator=C? NewDesignator=C21
Change Component Designator: OldDesignator=C? NewDesignator=C22
Change Component Designator: OldDesignator=C? NewDesignator=C23
Change Component Designator: OldDesignator=C? NewDesignator=C24
Change Component Designator: OldDesignator=C? NewDesignator=C25
Change Component Designator: OldDesignator=C? NewDesignator=C26
Change Component Designator: OldDesignator=C? NewDesignator=C27
Change Component Designator: OldDesignator=C? NewDesignator=C28
Change Component Designator: OldDesignator=C? NewDesignator=C29
Change Component Designator: OldDesignator=C? NewDesignator=C30
Change Component Designator: OldDesignator=C? NewDesignator=C31
Change Component Designator: OldDesignator=C? NewDesignator=C32
Change Component Designator: OldDesignator=C? NewDesignator=C33
Change Component Designator: OldDesignator=C? NewDesignator=C34
Change Component Designator: OldDesignator=C? NewDesignator=C35
Change Component Designator: OldDesignator=C? NewDesignator=C36
Change Component Designator: OldDesignator=C? NewDesignator=C37
Change Component Designator: OldDesignator=C? NewDesignator=C38
Change Component Designator: OldDesignator=C? NewDesignator=C39
Change Component Designator: OldDesignator=C? NewDesignator=C40
Change Component Designator: OldDesignator=C? NewDesignator=C41
Change Component Designator: OldDesignator=C? NewDesignator=C42
Change Component Designator: OldDesignator=C? NewDesignator=C43
Change Component Designator: OldDesignator=C? NewDesignator=C44
Change Component Designator: OldDesignator=C? NewDesignator=C45
Change Component Designator: OldDesignator=C? NewDesignator=C46
Change Component Designator: OldDesignator=C? NewDesignator=C47
Change Component Designator: OldDesignator=C? NewDesignator=C48
Change Component Designator: OldDesignator=C? NewDesignator=C49
Change Component Designator: OldDesignator=C? NewDesignator=C50
Change Component Designator: OldDesignator=C? NewDesignator=C51
Change Component Designator: OldDesignator=C? NewDesignator=C52
Change Component Designator: OldDesignator=C? NewDesignator=C53
Change Component Designator: OldDesignator=C? NewDesignator=C54
Change Component Designator: OldDesignator=C? NewDesignator=C55
Change Component Designator: OldDesignator=C? NewDesignator=C56
Change Component Designator: OldDesignator=C? NewDesignator=C57
Change Component Designator: OldDesignator=C? NewDesignator=C58
Change Component Designator: OldDesignator=C? NewDesignator=C59
Change Component Designator: OldDesignator=C? NewDesignator=C60
Change Component Designator: OldDesignator=C? NewDesignator=C61
Change Component Designator: OldDesignator=C? NewDesignator=C62
Change Component Designator: OldDesignator=C? NewDesignator=C63
Change Component Designator: OldDesignator=C? NewDesignator=C64
Change Component Designator: OldDesignator=C? NewDesignator=C65
Change Component Designator: OldDesignator=C? NewDesignator=C66
Change Component Designator: OldDesignator=C? NewDesignator=C67
Change Component Designator: OldDesignator=C? NewDesignator=C68
Change Component Designator: OldDesignator=C? NewDesignator=C69
Change Component Designator: OldDesignator=C? NewDesignator=C70
Change Component Designator: OldDesignator=C? NewDesignator=C71
Change Component Designator: OldDesignator=D? NewDesignator=D1
Change Component Designator: OldDesignator=D? NewDesignator=D2
Change Component Designator: OldDesignator=D? NewDesignator=D3
Change Component Designator: OldDesignator=HD? NewDesignator=HD1
Change Component Designator: OldDesignator=J? NewDesignator=J1
Change Component Designator: OldDesignator=J? NewDesignator=J2
Change Component Designator: OldDesignator=JTAG? NewDesignator=JTAG1
Change Component Designator: OldDesignator=L? NewDesignator=L1
Change Component Designator: OldDesignator=L? NewDesignator=L2
Change Component Designator: OldDesignator=L? NewDesignator=L3
Change Component Designator: OldDesignator=LED? NewDesignator=LED1
Change Component Designator: OldDesignator=LED? NewDesignator=LED2
Change Component Designator: OldDesignator=LED? NewDesignator=LED3
Change Component Designator: OldDesignator=PMOD? NewDesignator=PMOD1
Change Component Designator: OldDesignator=PMOD? NewDesignator=PMOD2
Change Component Designator: OldDesignator=PMOD? NewDesignator=PMOD3
Change Component Designator: OldDesignator=R? NewDesignator=R1
Change Component Designator: OldDesignator=R? NewDesignator=R2
Change Component Designator: OldDesignator=R? NewDesignator=R3
Change Component Designator: OldDesignator=R? NewDesignator=R4
Change Component Designator: OldDesignator=R? NewDesignator=R5
Change Component Designator: OldDesignator=R? NewDesignator=R6
Change Component Designator: OldDesignator=R? NewDesignator=R7
Change Component Designator: OldDesignator=R? NewDesignator=R8
Change Component Designator: OldDesignator=R? NewDesignator=R9
Change Component Designator: OldDesignator=R? NewDesignator=R10
Change Component Designator: OldDesignator=R? NewDesignator=R11
Change Component Designator: OldDesignator=R? NewDesignator=R12
Change Component Designator: OldDesignator=R? NewDesignator=R13
Change Component Designator: OldDesignator=R? NewDesignator=R14
Change Component Designator: OldDesignator=R? NewDesignator=R15
Change Component Designator: OldDesignator=R? NewDesignator=R16
Change Component Designator: OldDesignator=R? NewDesignator=R17
Change Component Designator: OldDesignator=R? NewDesignator=R18
Change Component Designator: OldDesignator=R? NewDesignator=R19
Change Component Designator: OldDesignator=R? NewDesignator=R20
Change Component Designator: OldDesignator=R? NewDesignator=R21
Change Component Designator: OldDesignator=R? NewDesignator=R22
Change Component Designator: OldDesignator=R? NewDesignator=R23
Change Component Designator: OldDesignator=R? NewDesignator=R24
Change Component Designator: OldDesignator=R? NewDesignator=R25
Change Component Designator: OldDesignator=R? NewDesignator=R26
Change Component Designator: OldDesignator=R? NewDesignator=R27
Change Component Designator: OldDesignator=R? NewDesignator=R28
Change Component Designator: OldDesignator=R? NewDesignator=R29
Change Component Designator: OldDesignator=R? NewDesignator=R30
Change Component Designator: OldDesignator=R? NewDesignator=R31
Change Component Designator: OldDesignator=R? NewDesignator=R32
Change Component Designator: OldDesignator=R? NewDesignator=R33
Change Component Designator: OldDesignator=R? NewDesignator=R34
Change Component Designator: OldDesignator=R? NewDesignator=R35
Change Component Designator: OldDesignator=R? NewDesignator=R36
Change Component Designator: OldDesignator=R? NewDesignator=R37
Change Component Designator: OldDesignator=R? NewDesignator=R38
Change Component Designator: OldDesignator=U? NewDesignator=U1
Change Component Designator: OldDesignator=U? NewDesignator=U2
Change Component Designator: OldDesignator=U? NewDesignator=U3
Change Component Designator: OldDesignator=U? NewDesignator=U4
Change Component Designator: OldDesignator=U? NewDesignator=U5
Change Component Designator: OldDesignator=U? NewDesignator=U6
Change Component Designator: OldDesignator=U? NewDesignator=U7
Change Component Designator: OldDesignator=U? NewDesignator=U8
Change Component Designator: OldDesignator=U? NewDesignator=U9
Change Component Designator: OldDesignator=U? NewDesignator=U10
Change Component Designator: OldDesignator=U? NewDesignator=U11
Change Component Designator: OldDesignator=U? NewDesignator=U12
Change Component Designator: OldDesignator=USB? NewDesignator=USB1
Change Net Name : Old Net Name=NetC?_1 New Net Name=NetC9_1
Change Net Name : Old Net Name=NetC?_1 New Net Name=NetC10_1
Change Net Name : Old Net Name=NetC?_1 New Net Name=NetC16_1
Change Net Name : Old Net Name=NetC?_1 New Net Name=NetC17_1
Change Net Name : Old Net Name=NetC?_1 New Net Name=NetC18_1
Change Net Name : Old Net Name=NetC?_1 New Net Name=NetC19_1
Change Net Name : Old Net Name=NetC?_1 New Net Name=NetC26_1
Change Net Name : Old Net Name=NetC?_1 New Net Name=NetC27_1
Change Net Name : Old Net Name=NetC?_1 New Net Name=NetC28_1
Change Net Name : Old Net Name=NetC?_1 New Net Name=NetC39_1
Change Net Name : Old Net Name=NetC?_1 New Net Name=NetC46_1
Change Net Name : Old Net Name=NetC?_1 New Net Name=NetC48_1
Change Net Name : Old Net Name=NetC?_1 New Net Name=NetC52_1
Change Net Name : Old Net Name=NetC?_1 New Net Name=NetC53_1
Change Net Name : Old Net Name=NetC?_1 New Net Name=NetC57_1
Change Net Name : Old Net Name=NetC?_1 New Net Name=NetC63_1
Change Net Name : Old Net Name=NetC?_1 New Net Name=NetC70_1
Change Net Name : Old Net Name=NetC?_1 New Net Name=NetC71_1
Change Net Name : Old Net Name=NetC?_2 New Net Name=NetC23_2
Change Net Name : Old Net Name=NetD?_2 New Net Name=NetD3_2
Change Net Name : Old Net Name=NetLED?_4 New Net Name=NetLED1_4
Change Net Name : Old Net Name=NetLED?_4 New Net Name=NetLED2_4
Change Net Name : Old Net Name=NetLED?_4 New Net Name=NetLED3_4
Change Net Name : Old Net Name=NetLED?_5 New Net Name=NetLED1_5
Change Net Name : Old Net Name=NetLED?_5 New Net Name=NetLED2_5
Change Net Name : Old Net Name=NetLED?_5 New Net Name=NetLED3_5
Change Net Name : Old Net Name=NetLED?_6 New Net Name=NetLED1_6
Change Net Name : Old Net Name=NetLED?_6 New Net Name=NetLED2_6
Change Net Name : Old Net Name=NetLED?_6 New Net Name=NetLED3_6
Change Net Name : Old Net Name=NetR?_1 New Net Name=NetR1_1
Change Net Name : Old Net Name=NetR?_1 New Net Name=NetR2_1
Change Net Name : Old Net Name=NetR?_1 New Net Name=NetR3_1
Change Net Name : Old Net Name=NetR?_1 New Net Name=NetR11_1
Change Net Name : Old Net Name=NetR?_1 New Net Name=NetR29_2
Change Net Name : Old Net Name=NetR?_2 New Net Name=NetR24_2
Change Net Name : Old Net Name=NetR?_2 New Net Name=NetR26_2
Change Net Name : Old Net Name=NetR?_2 New Net Name=NetR27_2
Change Net Name : Old Net Name=NetR?_2 New Net Name=NetR28_2
Change Net Name : Old Net Name=NetR?_2 New Net Name=NetR33_2
Change Net Name : Old Net Name=NetU?_2 New Net Name=NetU11_4
Change Net Name : Old Net Name=NetU?_4 New Net Name=NetU1_K6
Added Member To Class: ClassName=VALIX_Font14 Member=Component C2 Cap 22uF 10V 1210 X7R
Added Member To Class: ClassName=VALIX_Font14 Member=Component C3 Cap 22uF 10V 1210 X7R
Added Member To Class: ClassName=VALIX_Font14 Member=Component C4 Cap 10uF 10V 0805 X7R
Added Member To Class: ClassName=VALIX_Font14 Member=Component C5 Cap 10uF 10V 0805 X7R
Added Member To Class: ClassName=VALIX_Font14 Member=Component C6 Cap 10uF 10V 0805 X7R
Added Member To Class: ClassName=VALIX_Font14 Member=Component C7 Cap 2.2uF 25V 0805 X7R
Added Member To Class: ClassName=VALIX_Font14 Member=Component C8 Cap 10uF 10V 0805 X7R
Added Member To Class: ClassName=VALIX_Font14 Member=Component C9 Cap 0.01uF 50V 0402 X7R
Added Member To Class: ClassName=VALIX_Font14 Member=Component C10 Cap 0.01uF 50V 0402 X7R
Added Member To Class: ClassName=VALIX_Font14 Member=Component C11 Cap 22uF 10V 1206 X7R
Added Member To Class: ClassName=VALIX_Font14 Member=Component C12 Cap 10uF 10V 0805 X7R
Added Member To Class: ClassName=VALIX_Font14 Member=Component C13 Cap 10uF 10V 0805 X7R
Added Member To Class: ClassName=VALIX_Font14 Member=Component C14 Cap 2.2uF 25V 0805 X7R
Added Member To Class: ClassName=VALIX_Font14 Member=Component C15 Cap 10uF 10V 0805 X7R
Added Member To Class: ClassName=VALIX_Font14 Member=Component C16 Cap 0.1uF 50V 0402 X7R
Added Member To Class: ClassName=VALIX_Font14 Member=Component C17 Cap 0.01uF 50V 0402 X7R
Added Member To Class: ClassName=VALIX_Font14 Member=Component C18 Cap 0.1uF 50V 0402 X7R
Added Member To Class: ClassName=VALIX_Font14 Member=Component C19 Cap 0.01uF 50V 0402 X7R
Added Member To Class: ClassName=VALIX_Font14 Member=Component C20 Cap 2.2uF 25V 0805 X7R
Added Member To Class: ClassName=VALIX_Font14 Member=Component C21 Cap 10uF 10V 0805 X7R
Added Member To Class: ClassName=VALIX_Font14 Member=Component C22 Cap 10uF 10V 0805 X7R
Added Member To Class: ClassName=VALIX_Font14 Member=Component C23 Cap 0.001uF 50V 0402 X7R
Added Member To Class: ClassName=VALIX_Font14 Member=Component C24 Cap 1.0uF 6.3V 0402 X7R
Added Member To Class: ClassName=VALIX_Font14 Member=Component C25 Cap 1.0uF 6.3V 0402 X7R
Added Member To Class: ClassName=VALIX_Font14 Member=Component C26 Cap 0.01uF 50V 0402 X7R
Added Member To Class: ClassName=VALIX_Font14 Member=Component C27 Cap 47pF 50V 0402 NPO
Added Member To Class: ClassName=VALIX_Font14 Member=Component C28 Cap 1.0uF 6.3V 0402 X7R
Added Member To Class: ClassName=VALIX_Font14 Member=Component C29 Cap 1.0uF 6.3V 0402 X7R
Added Member To Class: ClassName=VALIX_Font14 Member=Component C30 Cap 1.0uF 6.3V 0402 X7R
Added Member To Class: ClassName=VALIX_Font14 Member=Component C31 Cap 1.0uF 6.3V 0402 X7R
Added Member To Class: ClassName=VALIX_Font14 Member=Component C32 Cap 1.0uF 6.3V 0402 X7R
Added Member To Class: ClassName=VALIX_Font14 Member=Component C33 Cap 1.0uF 6.3V 0402 X7R
Added Member To Class: ClassName=VALIX_Font14 Member=Component C34 Cap 1.0uF 6.3V 0402 X7R
Added Member To Class: ClassName=VALIX_Font14 Member=Component C35 Cap 1.0uF 6.3V 0402 X7R
Added Member To Class: ClassName=VALIX_Font14 Member=Component C36 Cap 1.0uF 6.3V 0402 X7R
Added Member To Class: ClassName=VALIX_Font14 Member=Component C37 Cap 1.0uF 6.3V 0402 X7R
Added Member To Class: ClassName=VALIX_Font14 Member=Component C38 Cap 1.0uF 6.3V 0402 X7R
Added Member To Class: ClassName=VALIX_Font14 Member=Component C39 Cap 47pF 50V 0402 NPO
Added Member To Class: ClassName=VALIX_Font14 Member=Component C40 Cap 1.0uF 6.3V 0402 X7R
Added Member To Class: ClassName=VALIX_Font14 Member=Component C41 Cap 1.0uF 6.3V 0402 X7R
Added Member To Class: ClassName=VALIX_Font14 Member=Component C42 Cap 1.0uF 6.3V 0402 X7R
Added Member To Class: ClassName=VALIX_Font14 Member=Component C43 Cap 1.0uF 6.3V 0402 X7R
Added Member To Class: ClassName=VALIX_Font14 Member=Component C44 Cap 1.0uF 6.3V 0402 X7R
Added Member To Class: ClassName=VALIX_Font14 Member=Component C45 Cap 10uF 10V 0805 X7R
Added Member To Class: ClassName=VALIX_Font14 Member=Component C46 Cap 47pF 50V 0402 NPO
Added Member To Class: ClassName=VALIX_Font14 Member=Component C47 Cap 1.0uF 6.3V 0402 X7R
Added Member To Class: ClassName=VALIX_Font14 Member=Component C48 Cap 1.0uF 6.3V 0402 X7R
Added Member To Class: ClassName=VALIX_Font14 Member=Component C49 Cap 1.0uF 6.3V 0402 X7R
Added Member To Class: ClassName=VALIX_Font14 Member=Component C50 Cap 1.0uF 6.3V 0402 X7R
Added Member To Class: ClassName=VALIX_Font14 Member=Component C51 Cap 1.0uF 6.3V 0402 X7R
Added Member To Class: ClassName=VALIX_Font14 Member=Component C52 Cap 47pF 50V 0402 NPO
Added Member To Class: ClassName=VALIX_Font14 Member=Component C53 Cap 1.0uF 6.3V 0402 X7R
Added Member To Class: ClassName=VALIX_Font14 Member=Component C54 Cap 1.0uF 6.3V 0402 X7R
Added Member To Class: ClassName=VALIX_Font14 Member=Component C55 Cap 1.0uF 6.3V 0402 X7R
Added Member To Class: ClassName=VALIX_Font14 Member=Component C56 Cap 1.0uF 6.3V 0402 X7R
Added Member To Class: ClassName=VALIX_Font14 Member=Component C57 Cap 47pF 50V 0402 NPO
Added Member To Class: ClassName=VALIX_Font14 Member=Component C58 Cap 1.0uF 6.3V 0402 X7R
Added Member To Class: ClassName=VALIX_Font14 Member=Component C59 Cap 1.0uF 6.3V 0402 X7R
Added Member To Class: ClassName=VALIX_Font14 Member=Component C60 Cap 1.0uF 6.3V 0402 X7R
Added Member To Class: ClassName=VALIX_Font14 Member=Component C61 Cap 1.0uF 6.3V 0402 X7R
Added Member To Class: ClassName=VALIX_Font14 Member=Component C62 Cap 1.0uF 6.3V 0402 X7R
Added Member To Class: ClassName=VALIX_Font14 Member=Component C63 Cap 47pF 50V 0402 NPO
Added Member To Class: ClassName=VALIX_Font14 Member=Component C64 Cap 1.0uF 6.3V 0402 X7R
Added Member To Class: ClassName=VALIX_Font14 Member=Component C65 Cap 1.0uF 6.3V 0402 X7R
Added Member To Class: ClassName=VALIX_Font14 Member=Component C66 Cap 1.0uF 6.3V 0402 X7R
Added Member To Class: ClassName=VALIX_Font14 Member=Component C67 Cap 1.0uF 6.3V 0402 X7R
Added Member To Class: ClassName=VALIX_Font14 Member=Component C68 Cap 1.0uF 6.3V 0402 X7R
Added Member To Class: ClassName=VALIX_Font14 Member=Component C69 Cap 1.0uF 6.3V 0402 X7R
Added Member To Class: ClassName=VALIX_Font14 Member=Component C70 Cap 47pF 50V 0402 NPO
Added Member To Class: ClassName=VALIX_Font14 Member=Component C71 Cap 47pF 50V 0402 NPO
Added Member To Class: ClassName=VALIX_Font14 Member=Component D2 Diode 40V 3A
Added Member To Class: ClassName=VALIX_Font14 Member=Component D3 SML-P11MT
Added Member To Class: ClassName=VALIX_Font14 Member=Component J2 Header 2x2 100Pitch
Added Member To Class: ClassName=VALIX_Font14 Member=Component L2 FB 0.5A 80mohm 0402
Added Member To Class: ClassName=VALIX_Font14 Member=Component L3 FB 0.5A 80mohm 0402
Added Member To Class: ClassName=VALIX_Font14 Member=Component LED2 LED RGB
Added Member To Class: ClassName=VALIX_Font14 Member=Component LED3 LED RGB
Added Member To Class: ClassName=VALIX_Font14 Member=Component PMOD2 Conn Recept 6x2x0.1 TH SSW
Added Member To Class: ClassName=VALIX_Font14 Member=Component PMOD3 Conn Recept 6x2x0.1 TH SSW
Added Member To Class: ClassName=VALIX_Font14 Member=Component R2 60.4K
Added Member To Class: ClassName=VALIX_Font14 Member=Component R3 13.3K
Added Member To Class: ClassName=VALIX_Font14 Member=Component R4 61.9K
Added Member To Class: ClassName=VALIX_Font14 Member=Component R5 100
Added Member To Class: ClassName=VALIX_Font14 Member=Component R6 392
Added Member To Class: ClassName=VALIX_Font14 Member=Component R7 100
Added Member To Class: ClassName=VALIX_Font14 Member=Component R8 715
Added Member To Class: ClassName=VALIX_Font14 Member=Component R9 280K
Added Member To Class: ClassName=VALIX_Font14 Member=Component R10 100
Added Member To Class: ClassName=VALIX_Font14 Member=Component R11 150
Added Member To Class: ClassName=VALIX_Font14 Member=Component R12 392
Added Member To Class: ClassName=VALIX_Font14 Member=Component R13 100
Added Member To Class: ClassName=VALIX_Font14 Member=Component R14 100
Added Member To Class: ClassName=VALIX_Font14 Member=Component R15 1.0K
Added Member To Class: ClassName=VALIX_Font14 Member=Component R16 392
Added Member To Class: ClassName=VALIX_Font14 Member=Component R17 1.0K
Added Member To Class: ClassName=VALIX_Font14 Member=Component R18 100
Added Member To Class: ClassName=VALIX_Font14 Member=Component R19 1.0K
Added Member To Class: ClassName=VALIX_Font14 Member=Component R20 1.0K
Added Member To Class: ClassName=VALIX_Font14 Member=Component R21 1.0K
Added Member To Class: ClassName=VALIX_Font14 Member=Component R22 1.0K
Added Member To Class: ClassName=VALIX_Font14 Member=Component R23 1.0K
Added Member To Class: ClassName=VALIX_Font14 Member=Component R24 2.21K
Added Member To Class: ClassName=VALIX_Font14 Member=Component R25 1.0K
Added Member To Class: ClassName=VALIX_Font14 Member=Component R26 10K
Added Member To Class: ClassName=VALIX_Font14 Member=Component R27 10K
Added Member To Class: ClassName=VALIX_Font14 Member=Component R28 10K
Added Member To Class: ClassName=VALIX_Font14 Member=Component R29 10K
Added Member To Class: ClassName=VALIX_Font14 Member=Component R30 1.0K
Added Member To Class: ClassName=VALIX_Font14 Member=Component R31 1.0K
Added Member To Class: ClassName=VALIX_Font14 Member=Component R32 1.0K
Added Member To Class: ClassName=VALIX_Font14 Member=Component R33 2.21K
Added Member To Class: ClassName=VALIX_Font14 Member=Component R34 1.0K
Added Member To Class: ClassName=VALIX_Font14 Member=Component R35 1.0K
Added Member To Class: ClassName=VALIX_Font14 Member=Component R36 1.0K
Added Member To Class: ClassName=VALIX_Font14 Member=Component R37 1.0K
Added Member To Class: ClassName=VALIX_Font14 Member=Component R38 1.0K
Added Member To Class: ClassName=VALIX_Font14 Member=Component U1 10M08DA
Added Member To Class: ClassName=VALIX_Font14 Member=Component U2 MR0A16A
Added Member To Class: ClassName=VALIX_Font14 Member=Component U3 LTM4622
Added Member To Class: ClassName=VALIX_Font14 Member=Component U5 LT3060EDC-1.2
Added Member To Class: ClassName=VALIX_Font14 Member=Component U6 LT3065-adj
Added Member To Class: ClassName=VALIX_Font14 Member=Component U7 50MHz
Added Member To Class: ClassName=VALIX_Font14 Member=Component U8 LT6014CDD
Added Member To Class: ClassName=VALIX_Font14 Member=Component U9 93LC46B
Added Member To Class: ClassName=VALIX_Font14 Member=Component U10 LT6014CDD
Added Member To Class: ClassName=VALIX_Font14 Member=Component U11 25MHz
Added Member To Class: ClassName=VALIX_Font14 Member=Component U12 IC FT2232HL-Tray
