Added Component: Designator=1(DFN8_2x3_SON45P300X80_HS-9N)
Added Component: Designator=C1(CC0402_p56_TLH)
Added Component: Designator=C2(CC1210_H1p6_20151019)
Added Component: Designator=C3(CC1210_H1p6_20151019)
Added Component: Designator=C4(CC0805_p94H_TLH)
Added Component: Designator=C5(CC0805_p94H_TLH)
Added Component: Designator=C6(CC0805_p94H_TLH)
Added Component: Designator=C7(CC0805_p94H_TLH)
Added Component: Designator=C8(CC0805_p94H_TLH)
Added Component: Designator=C9(CC0402_p56_TLH)
Added Component: Designator=C10(CC0402_p56_TLH)
Added Component: Designator=C11(C1206)
Added Component: Designator=C12(CC0805_p94H_TLH)
Added Component: Designator=C13(CC0805_p94H_TLH)
Added Component: Designator=C14(CC0805_p94H_TLH)
Added Component: Designator=C15(CC0805_p94H_TLH)
Added Component: Designator=C16(CC0402_p56_TLH)
Added Component: Designator=C17(CC0402_p56_TLH)
Added Component: Designator=C18(CC0402_p56_TLH)
Added Component: Designator=C19(CC0402_p56_TLH)
Added Component: Designator=C20(CC0805_p94H_TLH)
Added Component: Designator=C21(CC0805_p94H_TLH)
Added Component: Designator=C22(CC0805_p94H_TLH)
Added Component: Designator=C23(CC0402_p56_TLH)
Added Component: Designator=C24(CC0402_p56_TLH)
Added Component: Designator=C25(CC0402_p56_TLH)
Added Component: Designator=C26(CC0402_p56_TLH)
Added Component: Designator=C27(CC0402_p56_TLH)
Added Component: Designator=C28(CC0402_p56_TLH)
Added Component: Designator=C29(CC0402_p56_TLH)
Added Component: Designator=C30(CC0402_p56_TLH)
Added Component: Designator=C31(CC0402_p56_TLH)
Added Component: Designator=C32(CC0402_p56_TLH)
Added Component: Designator=C33(CC0402_p56_TLH)
Added Component: Designator=C34(CC0402_p56_TLH)
Added Component: Designator=C35(CC0402_p56_TLH)
Added Component: Designator=C36(CC0402_p56_TLH)
Added Component: Designator=C37(CC0402_p56_TLH)
Added Component: Designator=C38(CC0402_p56_TLH)
Added Component: Designator=C39(CC0402_p56_TLH)
Added Component: Designator=C40(CC0402_p56_TLH)
Added Component: Designator=C41(CC0402_p56_TLH)
Added Component: Designator=C42(CC0402_p56_TLH)
Added Component: Designator=C43(CC0402_p56_TLH)
Added Component: Designator=C44(CC0402_p56_TLH)
Added Component: Designator=C45(CC0805_p94H_TLH)
Added Component: Designator=C46(CC0402_p56_TLH)
Added Component: Designator=C47(CC0402_p56_TLH)
Added Component: Designator=C48(CC0402_p56_TLH)
Added Component: Designator=C49(CC0402_p56_TLH)
Added Component: Designator=C50(CC0402_p56_TLH)
Added Component: Designator=C51(CC0402_p56_TLH)
Added Component: Designator=C52(CC0402_p56_TLH)
Added Component: Designator=C53(CC0402_p56_TLH)
Added Component: Designator=C54(CC0402_p56_TLH)
Added Component: Designator=C55(CC0402_p56_TLH)
Added Component: Designator=C56(CC0402_p56_TLH)
Added Component: Designator=C57(CC0402_p56_TLH)
Added Component: Designator=C58(CC0402_p56_TLH)
Added Component: Designator=C59(CC0402_p56_TLH)
Added Component: Designator=C60(CC0402_p56_TLH)
Added Component: Designator=C61(CC0402_p56_TLH)
Added Component: Designator=C62(CC0402_p56_TLH)
Added Component: Designator=C63(CC0402_p56_TLH)
Added Component: Designator=C64(CC0402_p56_TLH)
Added Component: Designator=C65(CC0402_p56_TLH)
Added Component: Designator=C66(CC0402_p56_TLH)
Added Component: Designator=C67(CC0402_p56_TLH)
Added Component: Designator=C68(CC0402_p56_TLH)
Added Component: Designator=C69(CC0402_p56_TLH)
Added Component: Designator=C70(CC0402_p56_TLH)
Added Component: Designator=C71(CC0402_p56_TLH)
Added Component: Designator=D1(SMA_SOICJ127P600-8N)
Added Component: Designator=D2(SMA_SOICJ127P600-8N)
Added Component: Designator=D3(CC0402_p56_TLH - LED)
Added Component: Designator=HD1(Conn Recept 8x2x8p35 0p1PH TH)
Added Component: Designator=J1(KLD-0202)
Added Component: Designator=J2(Header_2x2x0p100e)
Added Component: Designator=JTAG1(Header_2x5_100x100)
Added Component: Designator=L1(Chip2PinSM127P600-8N_TLH20150921)
Added Component: Designator=L2(Chip2PinSM127P600-8N_TLH20150921)
Added Component: Designator=L3(Chip2PinSM127P600-8N_TLH20150921)
Added Component: Designator=LED1(LED_RGB_1p5x1p0x0p2_6pin_SON57P100X256N)
Added Component: Designator=LED2(LED_RGB_1p5x1p0x0p2_6pin_SON57P100X256N)
Added Component: Designator=LED3(LED_RGB_1p5x1p0x0p2_6pin_SON57P100X256N)
Added Component: Designator=PMOD1(Conn Recept 6x2x8p35 0p1PH TH)
Added Component: Designator=PMOD2(Conn Recept 6x2x8p35 0p1PH TH)
Added Component: Designator=PMOD3(Conn Recept 6x2x8p35 0p1PH TH)
Added Component: Designator=R1(CC0402_p56_TLH)
Added Component: Designator=R2(CC0402_p56_TLH)
Added Component: Designator=R3(CC0402_p56_TLH)
Added Component: Designator=R4(CC0402_p56_TLH)
Added Component: Designator=R5(CC0402_p56_TLH)
Added Component: Designator=R6(CC0402_p56_TLH)
Added Component: Designator=R7(CC0402_p56_TLH)
Added Component: Designator=R8(CC0402_p56_TLH)
Added Component: Designator=R9(CC0402_p56_TLH)
Added Component: Designator=R10(CC0402_p56_TLH)
Added Component: Designator=R11(CC0402_p56_TLH)
Added Component: Designator=R12(CC0402_p56_TLH)
Added Component: Designator=R13(CC0402_p56_TLH)
Added Component: Designator=R14(CC0402_p56_TLH)
Added Component: Designator=R15(CC0402_p56_TLH)
Added Component: Designator=R16(CC0402_p56_TLH)
Added Component: Designator=R17(CC0402_p56_TLH)
Added Component: Designator=R18(CC0402_p56_TLH)
Added Component: Designator=R19(CC0402_p56_TLH)
Added Component: Designator=R20(CC0402_p56_TLH)
Added Component: Designator=R21(CC0402_p56_TLH)
Added Component: Designator=R22(CC0402_p56_TLH)
Added Component: Designator=R23(CC0402_p56_TLH)
Added Component: Designator=R24(CC0402_p56_TLH)
Added Component: Designator=R25(CC0402_p56_TLH)
Added Component: Designator=R26(CC0402_p56_TLH)
Added Component: Designator=R27(CC0402_p56_TLH)
Added Component: Designator=R28(CC0402_p56_TLH)
Added Component: Designator=R29(CC0402_p56_TLH)
Added Component: Designator=R30(CC0402_p56_TLH)
Added Component: Designator=R31(CC0402_p56_TLH)
Added Component: Designator=R32(CC0402_p56_TLH)
Added Component: Designator=R33(CC0402_p56_TLH)
Added Component: Designator=R34(CC0402_p56_TLH)
Added Component: Designator=R35(CC0402_p56_TLH)
Added Component: Designator=R36(CC0402_p56_TLH)
Added Component: Designator=R37(CC0402_p56_TLH)
Added Component: Designator=R38(CC0402_p56_TLH)
Added Component: Designator=U2(TSOP44_80P1180X120-44N)
Added Component: Designator=U3(LGA25C127P5X5_625X625X182_20131105)
Added Component: Designator=U4(DFN8_2x3_SON45P300X80_HS-9N)
Added Component: Designator=U5(DFN10_SON50P300X80_HS-11N_TLH_20151107)
Added Component: Designator=U6(SON254P500X85_HS-7N_Oss)
Added Component: Designator=U7(DFN8_3x3_SON50P300X80_HS-9N_20151201)
Added Component: Designator=U8(SO-G6/E2.4)
Added Component: Designator=U9(DFN8_3x3_SON50P300X80_HS-9N_20151201)
Added Component: Designator=U10(SON254P500X85_HS-7N_Oss)
Added Component: Designator=U11(LQFP-64_N)
Added Component: Designator=USB1(Connector USB A 4Pin Plug RT)
Added Pin To Net: NetName=1.2V Pin=C14-1
Added Pin To Net: NetName=1.2V Pin=L1-1
Added Pin To Net: NetName=1.2V Pin=U4-3
Added Pin To Net: NetName=1.2V Pin=U4-4
Added Net: Name=1.2V
Added Pin To Net: NetName=1.8V Pin=C31-1
Added Pin To Net: NetName=1.8V Pin=C32-1
Added Pin To Net: NetName=1.8V Pin=C33-1
Added Pin To Net: NetName=1.8V Pin=C47-1
Added Pin To Net: NetName=1.8V Pin=U11-12
Added Pin To Net: NetName=1.8V Pin=U11-37
Added Pin To Net: NetName=1.8V Pin=U11-49
Added Pin To Net: NetName=1.8V Pin=U11-64
Added Net: Name=1.8V
Added Pin To Net: NetName=2.5V Pin=1-3
Added Pin To Net: NetName=2.5V Pin=1-4
Added Pin To Net: NetName=2.5V Pin=C7-1
Added Pin To Net: NetName=2.5V Pin=L2-1
Added Net: Name=2.5V
Added Pin To Net: NetName=3.3VEXT-B Pin=C20-1
Added Pin To Net: NetName=3.3VEXT-B Pin=HD1-1
Added Pin To Net: NetName=3.3VEXT-B Pin=HD1-7
Added Pin To Net: NetName=3.3VEXT-B Pin=J2-2
Added Pin To Net: NetName=3.3VEXT-B Pin=J2-4
Added Net: Name=3.3VEXT-B
Added Pin To Net: NetName=3.3VEXT Pin=C11-1
Added Pin To Net: NetName=3.3VEXT Pin=J2-3
Added Pin To Net: NetName=3.3VEXT Pin=U3-A1
Added Pin To Net: NetName=3.3VEXT Pin=U3-B1
Added Net: Name=3.3VEXT
Added Pin To Net: NetName=3.3V Pin=C1-1
Added Pin To Net: NetName=3.3V Pin=C8-1
Added Pin To Net: NetName=3.3V Pin=C12-1
Added Pin To Net: NetName=3.3V Pin=C15-1
Added Pin To Net: NetName=3.3V Pin=C22-1
Added Pin To Net: NetName=3.3V Pin=C23-1
Added Pin To Net: NetName=3.3V Pin=C24-1
Added Pin To Net: NetName=3.3V Pin=C25-1
Added Pin To Net: NetName=3.3V Pin=C34-1
Added Pin To Net: NetName=3.3V Pin=C35-1
Added Pin To Net: NetName=3.3V Pin=C36-1
Added Pin To Net: NetName=3.3V Pin=C37-1
Added Pin To Net: NetName=3.3V Pin=C38-1
Added Pin To Net: NetName=3.3V Pin=C40-1
Added Pin To Net: NetName=3.3V Pin=C41-1
Added Pin To Net: NetName=3.3V Pin=C62-1
Added Pin To Net: NetName=3.3V Pin=C64-1
Added Pin To Net: NetName=3.3V Pin=C69-1
Added Pin To Net: NetName=3.3V Pin=D3-1
Added Pin To Net: NetName=3.3V Pin=J2-1
Added Pin To Net: NetName=3.3V Pin=JTAG1-4
Added Pin To Net: NetName=3.3V Pin=L3-1
Added Pin To Net: NetName=3.3V Pin=LED1-1
Added Pin To Net: NetName=3.3V Pin=LED1-2
Added Pin To Net: NetName=3.3V Pin=LED1-3
Added Pin To Net: NetName=3.3V Pin=LED2-1
Added Pin To Net: NetName=3.3V Pin=LED2-2
Added Pin To Net: NetName=3.3V Pin=LED2-3
Added Pin To Net: NetName=3.3V Pin=LED3-1
Added Pin To Net: NetName=3.3V Pin=LED3-2
Added Pin To Net: NetName=3.3V Pin=LED3-3
Added Pin To Net: NetName=3.3V Pin=PMOD1-6
Added Pin To Net: NetName=3.3V Pin=PMOD1-12
Added Pin To Net: NetName=3.3V Pin=PMOD2-6
Added Pin To Net: NetName=3.3V Pin=PMOD2-12
Added Pin To Net: NetName=3.3V Pin=PMOD3-6
Added Pin To Net: NetName=3.3V Pin=PMOD3-12
Added Pin To Net: NetName=3.3V Pin=R4-1
Added Pin To Net: NetName=3.3V Pin=R24-1
Added Pin To Net: NetName=3.3V Pin=R28-1
Added Pin To Net: NetName=3.3V Pin=R29-1
Added Pin To Net: NetName=3.3V Pin=R30-1
Added Pin To Net: NetName=3.3V Pin=U2-11
Added Pin To Net: NetName=3.3V Pin=U2-27
Added Pin To Net: NetName=3.3V Pin=U2-33
Added Pin To Net: NetName=3.3V Pin=U5-9
Added Pin To Net: NetName=3.3V Pin=U6-6
Added Pin To Net: NetName=3.3V Pin=U7-8
Added Pin To Net: NetName=3.3V Pin=U8-6
Added Pin To Net: NetName=3.3V Pin=U9-8
Added Pin To Net: NetName=3.3V Pin=U10-6
Added Pin To Net: NetName=3.3V Pin=U11-4
Added Pin To Net: NetName=3.3V Pin=U11-9
Added Pin To Net: NetName=3.3V Pin=U11-20
Added Pin To Net: NetName=3.3V Pin=U11-31
Added Pin To Net: NetName=3.3V Pin=U11-42
Added Pin To Net: NetName=3.3V Pin=U11-50
Added Pin To Net: NetName=3.3V Pin=U11-56
Added Net: Name=3.3V
Added Pin To Net: NetName=4.5V Pin=1-5
Added Pin To Net: NetName=4.5V Pin=1-6
Added Pin To Net: NetName=4.5V Pin=1-7
Added Pin To Net: NetName=4.5V Pin=C5-1
Added Pin To Net: NetName=4.5V Pin=C6-1
Added Pin To Net: NetName=4.5V Pin=C13-1
Added Pin To Net: NetName=4.5V Pin=C21-1
Added Pin To Net: NetName=4.5V Pin=D1-1
Added Pin To Net: NetName=4.5V Pin=D2-1
Added Pin To Net: NetName=4.5V Pin=U4-5
Added Pin To Net: NetName=4.5V Pin=U4-6
Added Pin To Net: NetName=4.5V Pin=U4-7
Added Pin To Net: NetName=4.5V Pin=U5-1
Added Pin To Net: NetName=4.5V Pin=U5-2
Added Pin To Net: NetName=4.5V Pin=U5-3
Added Net: Name=4.5V
Added Pin To Net: NetName=5V_USB Pin=C45-1
Added Pin To Net: NetName=5V_USB Pin=D2-2
Added Pin To Net: NetName=5V_USB Pin=USB1-1
Added Net: Name=5V_USB
Added Pin To Net: NetName=5VINT Pin=C4-1
Added Pin To Net: NetName=5VINT Pin=D1-2
Added Pin To Net: NetName=5VINT Pin=U3-D1
Added Pin To Net: NetName=5VINT Pin=U3-E1
Added Net: Name=5VINT
Added Pin To Net: NetName=AD1 Pin=C27-2
Added Pin To Net: NetName=AD1 Pin=R15-2
Added Pin To Net: NetName=AD1 Pin=U7-1
Added Net: Name=AD1
Added Pin To Net: NetName=AD2 Pin=C46-2
Added Pin To Net: NetName=AD2 Pin=R21-2
Added Pin To Net: NetName=AD2 Pin=U7-7
Added Net: Name=AD2
Added Pin To Net: NetName=AD3 Pin=C57-2
Added Pin To Net: NetName=AD3 Pin=R27-2
Added Pin To Net: NetName=AD3 Pin=U9-1
Added Net: Name=AD3
Added Pin To Net: NetName=AD4 Pin=C70-2
Added Pin To Net: NetName=AD4 Pin=R35-2
Added Pin To Net: NetName=AD4 Pin=U9-7
Added Net: Name=AD4
Added Pin To Net: NetName=EN Pin=JTAG1-8
Added Net: Name=EN
Added Pin To Net: NetName=GND Pin=1-8
Added Pin To Net: NetName=GND Pin=1-9
Added Pin To Net: NetName=GND Pin=C1-2
Added Pin To Net: NetName=GND Pin=C2-2
Added Pin To Net: NetName=GND Pin=C3-2
Added Pin To Net: NetName=GND Pin=C4-2
Added Pin To Net: NetName=GND Pin=C5-2
Added Pin To Net: NetName=GND Pin=C6-2
Added Pin To Net: NetName=GND Pin=C7-2
Added Pin To Net: NetName=GND Pin=C8-2
Added Pin To Net: NetName=GND Pin=C9-2
Added Pin To Net: NetName=GND Pin=C10-2
Added Pin To Net: NetName=GND Pin=C11-2
Added Pin To Net: NetName=GND Pin=C12-2
Added Pin To Net: NetName=GND Pin=C13-2
Added Pin To Net: NetName=GND Pin=C14-2
Added Pin To Net: NetName=GND Pin=C15-2
Added Pin To Net: NetName=GND Pin=C16-2
Added Pin To Net: NetName=GND Pin=C17-2
Added Pin To Net: NetName=GND Pin=C18-2
Added Pin To Net: NetName=GND Pin=C19-2
Added Pin To Net: NetName=GND Pin=C20-2
Added Pin To Net: NetName=GND Pin=C21-2
Added Pin To Net: NetName=GND Pin=C22-2
Added Pin To Net: NetName=GND Pin=C24-2
Added Pin To Net: NetName=GND Pin=C25-2
Added Pin To Net: NetName=GND Pin=C26-2
Added Pin To Net: NetName=GND Pin=C28-2
Added Pin To Net: NetName=GND Pin=C29-2
Added Pin To Net: NetName=GND Pin=C30-2
Added Pin To Net: NetName=GND Pin=C31-2
Added Pin To Net: NetName=GND Pin=C32-2
Added Pin To Net: NetName=GND Pin=C33-2
Added Pin To Net: NetName=GND Pin=C34-2
Added Pin To Net: NetName=GND Pin=C35-2
Added Pin To Net: NetName=GND Pin=C36-2
Added Pin To Net: NetName=GND Pin=C37-2
Added Pin To Net: NetName=GND Pin=C38-2
Added Pin To Net: NetName=GND Pin=C40-2
Added Pin To Net: NetName=GND Pin=C41-2
Added Pin To Net: NetName=GND Pin=C42-2
Added Pin To Net: NetName=GND Pin=C43-2
Added Pin To Net: NetName=GND Pin=C44-2
Added Pin To Net: NetName=GND Pin=C45-2
Added Pin To Net: NetName=GND Pin=C47-2
Added Pin To Net: NetName=GND Pin=C48-2
Added Pin To Net: NetName=GND Pin=C49-2
Added Pin To Net: NetName=GND Pin=C50-2
Added Pin To Net: NetName=GND Pin=C51-2
Added Pin To Net: NetName=GND Pin=C53-2
Added Pin To Net: NetName=GND Pin=C54-2
Added Pin To Net: NetName=GND Pin=C55-2
Added Pin To Net: NetName=GND Pin=C56-2
Added Pin To Net: NetName=GND Pin=C58-2
Added Pin To Net: NetName=GND Pin=C59-2
Added Pin To Net: NetName=GND Pin=C60-2
Added Pin To Net: NetName=GND Pin=C61-2
Added Pin To Net: NetName=GND Pin=C62-2
Added Pin To Net: NetName=GND Pin=C64-2
Added Pin To Net: NetName=GND Pin=C65-2
Added Pin To Net: NetName=GND Pin=C66-2
Added Pin To Net: NetName=GND Pin=C67-2
Added Pin To Net: NetName=GND Pin=C68-2
Added Pin To Net: NetName=GND Pin=C69-2
Added Pin To Net: NetName=GND Pin=HD1-2
Added Pin To Net: NetName=GND Pin=HD1-8
Added Pin To Net: NetName=GND Pin=J1-2
Added Pin To Net: NetName=GND Pin=J1-3
Added Pin To Net: NetName=GND Pin=JTAG1-2
Added Pin To Net: NetName=GND Pin=JTAG1-10
Added Pin To Net: NetName=GND Pin=PMOD1-5
Added Pin To Net: NetName=GND Pin=PMOD1-11
Added Pin To Net: NetName=GND Pin=PMOD2-5
Added Pin To Net: NetName=GND Pin=PMOD2-11
Added Pin To Net: NetName=GND Pin=PMOD3-5
Added Pin To Net: NetName=GND Pin=PMOD3-11
Added Pin To Net: NetName=GND Pin=R1-2
Added Pin To Net: NetName=GND Pin=R2-2
Added Pin To Net: NetName=GND Pin=R3-2
Added Pin To Net: NetName=GND Pin=R8-1
Added Pin To Net: NetName=GND Pin=R9-2
Added Pin To Net: NetName=GND Pin=R11-2
Added Pin To Net: NetName=GND Pin=R26-1
Added Pin To Net: NetName=GND Pin=U2-12
Added Pin To Net: NetName=GND Pin=U2-26
Added Pin To Net: NetName=GND Pin=U2-34
Added Pin To Net: NetName=GND Pin=U3-B5
Added Pin To Net: NetName=GND Pin=U3-C1
Added Pin To Net: NetName=GND Pin=U3-C2
Added Pin To Net: NetName=GND Pin=U3-C5
Added Pin To Net: NetName=GND Pin=U3-D5
Added Pin To Net: NetName=GND Pin=U4-8
Added Pin To Net: NetName=GND Pin=U4-9
Added Pin To Net: NetName=GND Pin=U5-4
Added Pin To Net: NetName=GND Pin=U5-7
Added Pin To Net: NetName=GND Pin=U5-11
Added Pin To Net: NetName=GND Pin=U6-3
Added Pin To Net: NetName=GND Pin=U7-4
Added Pin To Net: NetName=GND Pin=U8-2
Added Pin To Net: NetName=GND Pin=U9-4
Added Pin To Net: NetName=GND Pin=U10-3
Added Pin To Net: NetName=GND Pin=U11-1
Added Pin To Net: NetName=GND Pin=U11-5
Added Pin To Net: NetName=GND Pin=U11-10
Added Pin To Net: NetName=GND Pin=U11-11
Added Pin To Net: NetName=GND Pin=U11-15
Added Pin To Net: NetName=GND Pin=U11-25
Added Pin To Net: NetName=GND Pin=U11-35
Added Pin To Net: NetName=GND Pin=U11-47
Added Pin To Net: NetName=GND Pin=U11-51
Added Pin To Net: NetName=GND Pin=USB1-4
Added Pin To Net: NetName=GND Pin=USB1-G1
Added Pin To Net: NetName=GND Pin=USB1-G2
Added Net: Name=GND
Added Pin To Net: NetName=LED1_B Pin=R5-2
Added Net: Name=LED1_B
Added Pin To Net: NetName=LED1_G Pin=R7-2
Added Net: Name=LED1_G
Added Pin To Net: NetName=LED1_R Pin=R6-2
Added Net: Name=LED1_R
Added Pin To Net: NetName=LED2_B Pin=R10-2
Added Net: Name=LED2_B
Added Pin To Net: NetName=LED2_G Pin=R13-2
Added Net: Name=LED2_G
Added Pin To Net: NetName=LED2_R Pin=R12-2
Added Net: Name=LED2_R
Added Pin To Net: NetName=LED3_B Pin=R14-2
Added Net: Name=LED3_B
Added Pin To Net: NetName=LED3_G Pin=R18-2
Added Net: Name=LED3_G
Added Pin To Net: NetName=LED3_R Pin=R16-2
Added Net: Name=LED3_R
Added Pin To Net: NetName=MRAM_A0 Pin=U2-1
Added Net: Name=MRAM_A0
Added Pin To Net: NetName=MRAM_A1 Pin=U2-2
Added Net: Name=MRAM_A1
Added Pin To Net: NetName=MRAM_A2 Pin=U2-3
Added Net: Name=MRAM_A2
Added Pin To Net: NetName=MRAM_A3 Pin=U2-4
Added Net: Name=MRAM_A3
Added Pin To Net: NetName=MRAM_A4 Pin=U2-5
Added Net: Name=MRAM_A4
Added Pin To Net: NetName=MRAM_A5 Pin=U2-18
Added Net: Name=MRAM_A5
Added Pin To Net: NetName=MRAM_A6 Pin=U2-19
Added Net: Name=MRAM_A6
Added Pin To Net: NetName=MRAM_A7 Pin=U2-20
Added Net: Name=MRAM_A7
Added Pin To Net: NetName=MRAM_A8 Pin=U2-21
Added Net: Name=MRAM_A8
Added Pin To Net: NetName=MRAM_A9 Pin=U2-22
Added Net: Name=MRAM_A9
Added Pin To Net: NetName=MRAM_A10 Pin=U2-23
Added Net: Name=MRAM_A10
Added Pin To Net: NetName=MRAM_A11 Pin=U2-24
Added Net: Name=MRAM_A11
Added Pin To Net: NetName=MRAM_A12 Pin=U2-25
Added Net: Name=MRAM_A12
Added Pin To Net: NetName=MRAM_A13 Pin=U2-42
Added Net: Name=MRAM_A13
Added Pin To Net: NetName=MRAM_A14 Pin=U2-43
Added Net: Name=MRAM_A14
Added Pin To Net: NetName=MRAM_A15 Pin=U2-44
Added Net: Name=MRAM_A15
Added Pin To Net: NetName=MRAM_DQL0 Pin=U2-7
Added Net: Name=MRAM_DQL0
Added Pin To Net: NetName=MRAM_DQL1 Pin=U2-8
Added Net: Name=MRAM_DQL1
Added Pin To Net: NetName=MRAM_DQL2 Pin=U2-9
Added Net: Name=MRAM_DQL2
Added Pin To Net: NetName=MRAM_DQL3 Pin=U2-10
Added Net: Name=MRAM_DQL3
Added Pin To Net: NetName=MRAM_DQL4 Pin=U2-13
Added Net: Name=MRAM_DQL4
Added Pin To Net: NetName=MRAM_DQL5 Pin=U2-14
Added Net: Name=MRAM_DQL5
Added Pin To Net: NetName=MRAM_DQL6 Pin=U2-15
Added Net: Name=MRAM_DQL6
Added Pin To Net: NetName=MRAM_DQL7 Pin=U2-16
Added Net: Name=MRAM_DQL7
Added Pin To Net: NetName=MRAM_DQU8 Pin=U2-29
Added Net: Name=MRAM_DQU8
Added Pin To Net: NetName=MRAM_DQU9 Pin=U2-30
Added Net: Name=MRAM_DQU9
Added Pin To Net: NetName=MRAM_DQU10 Pin=U2-31
Added Net: Name=MRAM_DQU10
Added Pin To Net: NetName=MRAM_DQU11 Pin=U2-32
Added Net: Name=MRAM_DQU11
Added Pin To Net: NetName=MRAM_DQU12 Pin=U2-35
Added Net: Name=MRAM_DQU12
Added Pin To Net: NetName=MRAM_DQU13 Pin=U2-36
Added Net: Name=MRAM_DQU13
Added Pin To Net: NetName=MRAM_DQU14 Pin=U2-37
Added Net: Name=MRAM_DQU14
Added Pin To Net: NetName=MRAM_DQU15 Pin=U2-38
Added Net: Name=MRAM_DQU15
Added Pin To Net: NetName=MRAM_E Pin=U2-6
Added Net: Name=MRAM_E
Added Pin To Net: NetName=MRAM_G Pin=U2-41
Added Net: Name=MRAM_G
Added Pin To Net: NetName=MRAM_LB Pin=U2-39
Added Net: Name=MRAM_LB
Added Pin To Net: NetName=MRAM_UB Pin=U2-40
Added Net: Name=MRAM_UB
Added Pin To Net: NetName=MRAM_W Pin=U2-17
Added Net: Name=MRAM_W
Added Pin To Net: NetName=Net1_1 Pin=1-1
Added Pin To Net: NetName=Net1_1 Pin=C9-1
Added Net: Name=Net1_1
Added Pin To Net: NetName=Net1_2 Pin=1-2
Added Pin To Net: NetName=Net1_2 Pin=C10-1
Added Net: Name=Net1_2
Added Pin To Net: NetName=NetC16_1 Pin=C16-1
Added Pin To Net: NetName=NetC16_1 Pin=U3-E3
Added Net: Name=NetC16_1
Added Pin To Net: NetName=NetC17_1 Pin=C17-1
Added Pin To Net: NetName=NetC17_1 Pin=U4-1
Added Net: Name=NetC17_1
Added Pin To Net: NetName=NetC18_1 Pin=C18-1
Added Pin To Net: NetName=NetC18_1 Pin=U3-A3
Added Net: Name=NetC18_1
Added Pin To Net: NetName=NetC19_1 Pin=C19-1
Added Pin To Net: NetName=NetC19_1 Pin=U4-2
Added Net: Name=NetC19_1
Added Pin To Net: NetName=NetC23_2 Pin=C23-2
Added Pin To Net: NetName=NetC23_2 Pin=R4-2
Added Pin To Net: NetName=NetC23_2 Pin=R9-1
Added Pin To Net: NetName=NetC23_2 Pin=U5-8
Added Net: Name=NetC23_2
Added Pin To Net: NetName=NetC26_1 Pin=C26-1
Added Pin To Net: NetName=NetC26_1 Pin=U5-6
Added Net: Name=NetC26_1
Added Pin To Net: NetName=NetC27_1 Pin=C27-1
Added Pin To Net: NetName=NetC27_1 Pin=R15-1
Added Pin To Net: NetName=NetC27_1 Pin=R17-2
Added Pin To Net: NetName=NetC27_1 Pin=U7-2
Added Net: Name=NetC27_1
Added Pin To Net: NetName=NetC28_1 Pin=C28-1
Added Pin To Net: NetName=NetC28_1 Pin=C29-1
Added Pin To Net: NetName=NetC28_1 Pin=C30-1
Added Pin To Net: NetName=NetC28_1 Pin=C42-1
Added Pin To Net: NetName=NetC28_1 Pin=C43-1
Added Pin To Net: NetName=NetC28_1 Pin=C44-1
Added Pin To Net: NetName=NetC28_1 Pin=L1-2
Added Net: Name=NetC28_1
Added Pin To Net: NetName=NetC39_1 Pin=C39-1
Added Pin To Net: NetName=NetC39_1 Pin=R19-2
Added Pin To Net: NetName=NetC39_1 Pin=R20-1
Added Pin To Net: NetName=NetC39_1 Pin=U7-3
Added Net: Name=NetC39_1
Added Pin To Net: NetName=NetC46_1 Pin=C46-1
Added Pin To Net: NetName=NetC46_1 Pin=R21-1
Added Pin To Net: NetName=NetC46_1 Pin=R22-2
Added Pin To Net: NetName=NetC46_1 Pin=U7-6
Added Net: Name=NetC46_1
Added Pin To Net: NetName=NetC48_1 Pin=C48-1
Added Pin To Net: NetName=NetC48_1 Pin=C49-1
Added Pin To Net: NetName=NetC48_1 Pin=C50-1
Added Pin To Net: NetName=NetC48_1 Pin=C51-1
Added Pin To Net: NetName=NetC48_1 Pin=L2-2
Added Net: Name=NetC48_1
Added Pin To Net: NetName=NetC52_1 Pin=C52-1
Added Pin To Net: NetName=NetC52_1 Pin=R23-2
Added Pin To Net: NetName=NetC52_1 Pin=R25-1
Added Pin To Net: NetName=NetC52_1 Pin=U7-5
Added Net: Name=NetC52_1
Added Pin To Net: NetName=NetC53_1 Pin=C53-1
Added Pin To Net: NetName=NetC53_1 Pin=C54-1
Added Pin To Net: NetName=NetC53_1 Pin=C55-1
Added Pin To Net: NetName=NetC53_1 Pin=C56-1
Added Pin To Net: NetName=NetC53_1 Pin=C58-1
Added Pin To Net: NetName=NetC53_1 Pin=C59-1
Added Pin To Net: NetName=NetC53_1 Pin=C60-1
Added Pin To Net: NetName=NetC53_1 Pin=C61-1
Added Pin To Net: NetName=NetC53_1 Pin=C65-1
Added Pin To Net: NetName=NetC53_1 Pin=C66-1
Added Pin To Net: NetName=NetC53_1 Pin=C67-1
Added Pin To Net: NetName=NetC53_1 Pin=C68-1
Added Pin To Net: NetName=NetC53_1 Pin=L3-2
Added Net: Name=NetC53_1
Added Pin To Net: NetName=NetC57_1 Pin=C57-1
Added Pin To Net: NetName=NetC57_1 Pin=R27-1
Added Pin To Net: NetName=NetC57_1 Pin=R31-2
Added Pin To Net: NetName=NetC57_1 Pin=U9-2
Added Net: Name=NetC57_1
Added Pin To Net: NetName=NetC63_1 Pin=C63-1
Added Pin To Net: NetName=NetC63_1 Pin=R32-2
Added Pin To Net: NetName=NetC63_1 Pin=R34-1
Added Pin To Net: NetName=NetC63_1 Pin=U9-3
Added Net: Name=NetC63_1
Added Pin To Net: NetName=NetC70_1 Pin=C70-1
Added Pin To Net: NetName=NetC70_1 Pin=R35-1
Added Pin To Net: NetName=NetC70_1 Pin=R36-2
Added Pin To Net: NetName=NetC70_1 Pin=U9-6
Added Net: Name=NetC70_1
Added Pin To Net: NetName=NetC71_1 Pin=C71-1
Added Pin To Net: NetName=NetC71_1 Pin=R37-2
Added Pin To Net: NetName=NetC71_1 Pin=R38-1
Added Pin To Net: NetName=NetC71_1 Pin=U9-5
Added Net: Name=NetC71_1
Added Pin To Net: NetName=NetD3_2 Pin=D3-2
Added Pin To Net: NetName=NetD3_2 Pin=R8-2
Added Net: Name=NetD3_2
Added Pin To Net: NetName=NetLED1_4 Pin=LED1-4
Added Pin To Net: NetName=NetLED1_4 Pin=R7-1
Added Net: Name=NetLED1_4
Added Pin To Net: NetName=NetLED1_5 Pin=LED1-5
Added Pin To Net: NetName=NetLED1_5 Pin=R6-1
Added Net: Name=NetLED1_5
Added Pin To Net: NetName=NetLED1_6 Pin=LED1-6
Added Pin To Net: NetName=NetLED1_6 Pin=R5-1
Added Net: Name=NetLED1_6
Added Pin To Net: NetName=NetLED2_4 Pin=LED2-4
Added Pin To Net: NetName=NetLED2_4 Pin=R13-1
Added Net: Name=NetLED2_4
Added Pin To Net: NetName=NetLED2_5 Pin=LED2-5
Added Pin To Net: NetName=NetLED2_5 Pin=R12-1
Added Net: Name=NetLED2_5
Added Pin To Net: NetName=NetLED2_6 Pin=LED2-6
Added Pin To Net: NetName=NetLED2_6 Pin=R10-1
Added Net: Name=NetLED2_6
Added Pin To Net: NetName=NetLED3_4 Pin=LED3-4
Added Pin To Net: NetName=NetLED3_4 Pin=R18-1
Added Net: Name=NetLED3_4
Added Pin To Net: NetName=NetLED3_5 Pin=LED3-5
Added Pin To Net: NetName=NetLED3_5 Pin=R16-1
Added Net: Name=NetLED3_5
Added Pin To Net: NetName=NetLED3_6 Pin=LED3-6
Added Pin To Net: NetName=NetLED3_6 Pin=R14-1
Added Net: Name=NetLED3_6
Added Pin To Net: NetName=NetR1_1 Pin=R1-1
Added Pin To Net: NetName=NetR1_1 Pin=U3-C4
Added Net: Name=NetR1_1
Added Pin To Net: NetName=NetR2_1 Pin=R2-1
Added Pin To Net: NetName=NetR2_1 Pin=U3-A4
Added Net: Name=NetR2_1
Added Pin To Net: NetName=NetR3_1 Pin=R3-1
Added Pin To Net: NetName=NetR3_1 Pin=U3-E4
Added Net: Name=NetR3_1
Added Pin To Net: NetName=NetR11_1 Pin=R11-1
Added Pin To Net: NetName=NetR11_1 Pin=U5-5
Added Net: Name=NetR11_1
Added Pin To Net: NetName=NetR24_2 Pin=R24-2
Added Pin To Net: NetName=NetR24_2 Pin=U11-14
Added Net: Name=NetR24_2
Added Pin To Net: NetName=NetR26_2 Pin=R26-2
Added Pin To Net: NetName=NetR26_2 Pin=U11-6
Added Net: Name=NetR26_2
Added Pin To Net: NetName=NetR28_2 Pin=R28-2
Added Pin To Net: NetName=NetR28_2 Pin=U8-5
Added Pin To Net: NetName=NetR28_2 Pin=U11-63
Added Net: Name=NetR28_2
Added Pin To Net: NetName=NetR29_2 Pin=R29-2
Added Pin To Net: NetName=NetR29_2 Pin=U8-4
Added Pin To Net: NetName=NetR29_2 Pin=U11-62
Added Net: Name=NetR29_2
Added Pin To Net: NetName=NetR30_2 Pin=R30-2
Added Pin To Net: NetName=NetR30_2 Pin=R33-1
Added Pin To Net: NetName=NetR30_2 Pin=U8-3
Added Pin To Net: NetName=NetR30_2 Pin=U11-61
Added Net: Name=NetR30_2
Added Pin To Net: NetName=NetR33_2 Pin=R33-2
Added Pin To Net: NetName=NetR33_2 Pin=U8-1
Added Net: Name=NetR33_2
Added Pin To Net: NetName=NetU1_K6 Pin=U6-4
Added Net: Name=NetU1_K6
Added Pin To Net: NetName=NetU10_4 Pin=U10-4
Added Pin To Net: NetName=NetU10_4 Pin=U11-2
Added Net: Name=NetU10_4
Added Pin To Net: NetName=PMOD1-1 Pin=PMOD1-1
Added Net: Name=PMOD1-1
Added Pin To Net: NetName=PMOD1-2 Pin=PMOD1-2
Added Net: Name=PMOD1-2
Added Pin To Net: NetName=PMOD1-3 Pin=PMOD1-3
Added Net: Name=PMOD1-3
Added Pin To Net: NetName=PMOD1-4 Pin=PMOD1-4
Added Net: Name=PMOD1-4
Added Pin To Net: NetName=PMOD1-7 Pin=PMOD1-7
Added Net: Name=PMOD1-7
Added Pin To Net: NetName=PMOD1-8 Pin=PMOD1-8
Added Net: Name=PMOD1-8
Added Pin To Net: NetName=PMOD1-9 Pin=PMOD1-9
Added Net: Name=PMOD1-9
Added Pin To Net: NetName=PMOD1-10 Pin=PMOD1-10
Added Net: Name=PMOD1-10
Added Pin To Net: NetName=PMOD2-1 Pin=PMOD2-1
Added Net: Name=PMOD2-1
Added Pin To Net: NetName=PMOD2-2 Pin=PMOD2-2
Added Net: Name=PMOD2-2
Added Pin To Net: NetName=PMOD2-3 Pin=PMOD2-3
Added Net: Name=PMOD2-3
Added Pin To Net: NetName=PMOD2-4 Pin=PMOD2-4
Added Net: Name=PMOD2-4
Added Pin To Net: NetName=PMOD2-7 Pin=PMOD2-7
Added Net: Name=PMOD2-7
Added Pin To Net: NetName=PMOD2-8 Pin=PMOD2-8
Added Net: Name=PMOD2-8
Added Pin To Net: NetName=PMOD2-9 Pin=PMOD2-9
Added Net: Name=PMOD2-9
Added Pin To Net: NetName=PMOD2-10 Pin=PMOD2-10
Added Net: Name=PMOD2-10
Added Pin To Net: NetName=PMOD3-1 Pin=PMOD3-1
Added Net: Name=PMOD3-1
Added Pin To Net: NetName=PMOD3-2 Pin=PMOD3-2
Added Net: Name=PMOD3-2
Added Pin To Net: NetName=PMOD3-3 Pin=PMOD3-3
Added Net: Name=PMOD3-3
Added Pin To Net: NetName=PMOD3-4 Pin=PMOD3-4
Added Net: Name=PMOD3-4
Added Pin To Net: NetName=PMOD3-7 Pin=PMOD3-7
Added Net: Name=PMOD3-7
Added Pin To Net: NetName=PMOD3-8 Pin=PMOD3-8
Added Net: Name=PMOD3-8
Added Pin To Net: NetName=PMOD3-9 Pin=PMOD3-9
Added Net: Name=PMOD3-9
Added Pin To Net: NetName=PMOD3-10 Pin=PMOD3-10
Added Net: Name=PMOD3-10
Added Pin To Net: NetName=RTN1 Pin=HD1-3
Added Pin To Net: NetName=RTN1 Pin=R17-1
Added Net: Name=RTN1
Added Pin To Net: NetName=RTN2 Pin=HD1-5
Added Pin To Net: NetName=RTN2 Pin=R22-1
Added Net: Name=RTN2
Added Pin To Net: NetName=RTN3 Pin=HD1-9
Added Pin To Net: NetName=RTN3 Pin=R31-1
Added Net: Name=RTN3
Added Pin To Net: NetName=RTN4 Pin=HD1-11
Added Pin To Net: NetName=RTN4 Pin=R36-1
Added Net: Name=RTN4
Added Pin To Net: NetName=RX1 Pin=U11-16
Added Net: Name=RX1
Added Pin To Net: NetName=RX2 Pin=U11-38
Added Net: Name=RX2
Added Pin To Net: NetName=TCK Pin=JTAG1-1
Added Net: Name=TCK
Added Pin To Net: NetName=TDI Pin=JTAG1-9
Added Net: Name=TDI
Added Pin To Net: NetName=TDO Pin=JTAG1-3
Added Net: Name=TDO
Added Pin To Net: NetName=TMS Pin=JTAG1-5
Added Net: Name=TMS
Added Pin To Net: NetName=TX1 Pin=U11-17
Added Net: Name=TX1
Added Pin To Net: NetName=TX2 Pin=U11-39
Added Net: Name=TX2
Added Pin To Net: NetName=USB_N Pin=U11-7
Added Pin To Net: NetName=USB_N Pin=USB1-2
Added Net: Name=USB_N
Added Pin To Net: NetName=USB_P Pin=U11-8
Added Pin To Net: NetName=USB_P Pin=USB1-3
Added Net: Name=USB_P
Added Pin To Net: NetName=VBUSS Pin=C2-1
Added Pin To Net: NetName=VBUSS Pin=C3-1
Added Pin To Net: NetName=VBUSS Pin=J1-1
Added Pin To Net: NetName=VBUSS Pin=U3-A2
Added Pin To Net: NetName=VBUSS Pin=U3-B2
Added Pin To Net: NetName=VBUSS Pin=U3-B3
Added Pin To Net: NetName=VBUSS Pin=U3-D2
Added Pin To Net: NetName=VBUSS Pin=U3-D3
Added Pin To Net: NetName=VBUSS Pin=U3-E2
Added Net: Name=VBUSS
Added Pin To Net: NetName=VIN1 Pin=HD1-4
Added Pin To Net: NetName=VIN1 Pin=R19-1
Added Net: Name=VIN1
Added Pin To Net: NetName=VIN2 Pin=HD1-6
Added Pin To Net: NetName=VIN2 Pin=R23-1
Added Net: Name=VIN2
Added Pin To Net: NetName=VIN3 Pin=HD1-10
Added Pin To Net: NetName=VIN3 Pin=R32-1
Added Net: Name=VIN3
Added Pin To Net: NetName=VIN4 Pin=HD1-12
Added Pin To Net: NetName=VIN4 Pin=R37-1
Added Net: Name=VIN4
Added Pin To Net: NetName=VREF_ID1 Pin=C39-2
Added Pin To Net: NetName=VREF_ID1 Pin=R20-2
Added Net: Name=VREF_ID1
Added Pin To Net: NetName=VREF_ID2 Pin=C52-2
Added Pin To Net: NetName=VREF_ID2 Pin=R25-2
Added Net: Name=VREF_ID2
Added Pin To Net: NetName=VREF_ID3 Pin=C63-2
Added Pin To Net: NetName=VREF_ID3 Pin=R34-2
Added Net: Name=VREF_ID3
Added Pin To Net: NetName=VREF_ID4 Pin=C71-2
Added Pin To Net: NetName=VREF_ID4 Pin=R38-2
Added Net: Name=VREF_ID4
Added Class: Name=VALIX_Font14
Added Differential Pair: Name=USB
Added Room: Name=VALIX_Font14
