Added Member To Class: ClassName=VALIX_Font14 Member=Component C? (C71) Cap 47pF 50V 0402 NPO
Added Member To Class: ClassName=VALIX_Font14 Member=Component C? (C33) Cap 1.0uF 6.3V 0402 X7R
Added Member To Class: ClassName=VALIX_Font14 Member=Component C? (C34) Cap 1.0uF 6.3V 0402 X7R
Added Member To Class: ClassName=VALIX_Font14 Member=Component C? (C35) Cap 1.0uF 6.3V 0402 X7R
Added Member To Class: ClassName=VALIX_Font14 Member=Component C? (C36) Cap 1.0uF 6.3V 0402 X7R
Added Member To Class: ClassName=VALIX_Font14 Member=Component C? (C37) Cap 1.0uF 6.3V 0402 X7R
Added Member To Class: ClassName=VALIX_Font14 Member=Component C? (C38) Cap 1.0uF 6.3V 0402 X7R
Added Member To Class: ClassName=VALIX_Font14 Member=Component C? (C39) Cap 47pF 50V 0402 NPO
Added Member To Class: ClassName=VALIX_Font14 Member=Component C? (C40) Cap 1.0uF 6.3V 0402 X7R
Added Member To Class: ClassName=VALIX_Font14 Member=Component C? (C41) Cap 1.0uF 6.3V 0402 X7R
Added Member To Class: ClassName=VALIX_Font14 Member=Component C? (C42) Cap 1.0uF 6.3V 0402 X7R
Added Member To Class: ClassName=VALIX_Font14 Member=Component C? (C43) Cap 1.0uF 6.3V 0402 X7R
Added Member To Class: ClassName=VALIX_Font14 Member=Component C? (C44) Cap 1.0uF 6.3V 0402 X7R
Added Member To Class: ClassName=VALIX_Font14 Member=Component C? (C45) Cap 10uF 10V 0805 X7R
Added Member To Class: ClassName=VALIX_Font14 Member=Component C? (C46) Cap 47pF 50V 0402 NPO
Added Member To Class: ClassName=VALIX_Font14 Member=Component C? (C47) Cap 1.0uF 6.3V 0402 X7R
Added Member To Class: ClassName=VALIX_Font14 Member=Component C? (C48) Cap 1.0uF 6.3V 0402 X7R
Added Member To Class: ClassName=VALIX_Font14 Member=Component C? (C49) Cap 1.0uF 6.3V 0402 X7R
Added Member To Class: ClassName=VALIX_Font14 Member=Component C? (C50) Cap 1.0uF 6.3V 0402 X7R
Added Member To Class: ClassName=VALIX_Font14 Member=Component C? (C51) Cap 1.0uF 6.3V 0402 X7R
Added Member To Class: ClassName=VALIX_Font14 Member=Component C? (C52) Cap 47pF 50V 0402 NPO
Added Member To Class: ClassName=VALIX_Font14 Member=Component C? (C53) Cap 1.0uF 6.3V 0402 X7R
Added Member To Class: ClassName=VALIX_Font14 Member=Component C? (C54) Cap 1.0uF 6.3V 0402 X7R
Added Member To Class: ClassName=VALIX_Font14 Member=Component C? (C55) Cap 1.0uF 6.3V 0402 X7R
Added Member To Class: ClassName=VALIX_Font14 Member=Component C? (C56) Cap 1.0uF 6.3V 0402 X7R
Added Member To Class: ClassName=VALIX_Font14 Member=Component C? (C57) Cap 47pF 50V 0402 NPO
Added Member To Class: ClassName=VALIX_Font14 Member=Component C? (C58) Cap 1.0uF 6.3V 0402 X7R
Added Member To Class: ClassName=VALIX_Font14 Member=Component C? (C59) Cap 1.0uF 6.3V 0402 X7R
Added Member To Class: ClassName=VALIX_Font14 Member=Component C? (C60) Cap 1.0uF 6.3V 0402 X7R
Added Member To Class: ClassName=VALIX_Font14 Member=Component C? (C61) Cap 1.0uF 6.3V 0402 X7R
Added Member To Class: ClassName=VALIX_Font14 Member=Component C? (C62) Cap 1.0uF 6.3V 0402 X7R
Added Member To Class: ClassName=VALIX_Font14 Member=Component C? (C63) Cap 47pF 50V 0402 NPO
Added Member To Class: ClassName=VALIX_Font14 Member=Component C? (C64) Cap 1.0uF 6.3V 0402 X7R
Added Member To Class: ClassName=VALIX_Font14 Member=Component C? (C65) Cap 1.0uF 6.3V 0402 X7R
Added Member To Class: ClassName=VALIX_Font14 Member=Component C? (C66) Cap 1.0uF 6.3V 0402 X7R
Added Member To Class: ClassName=VALIX_Font14 Member=Component C? (C67) Cap 1.0uF 6.3V 0402 X7R
Added Member To Class: ClassName=VALIX_Font14 Member=Component C? (C68) Cap 1.0uF 6.3V 0402 X7R
Added Member To Class: ClassName=VALIX_Font14 Member=Component C? (C69) Cap 1.0uF 6.3V 0402 X7R
Added Member To Class: ClassName=VALIX_Font14 Member=Component C? (C70) Cap 47pF 50V 0402 NPO
Added Member To Class: ClassName=VALIX_Font14 Member=Component C? (C30) Cap 1.0uF 6.3V 0402 X7R
Added Member To Class: ClassName=VALIX_Font14 Member=Component C? (C31) Cap 1.0uF 6.3V 0402 X7R
Added Member To Class: ClassName=VALIX_Font14 Member=Component C? (C32) Cap 1.0uF 6.3V 0402 X7R
Added Member To Class: ClassName=VALIX_Font14 Member=Component C? (C27) Cap 47pF 50V 0402 NPO
Added Member To Class: ClassName=VALIX_Font14 Member=Component C? (C28) Cap 1.0uF 6.3V 0402 X7R
Added Member To Class: ClassName=VALIX_Font14 Member=Component C? (C29) Cap 1.0uF 6.3V 0402 X7R
Added Member To Class: ClassName=VALIX_Font14 Member=Component C? (C24) Cap 1.0uF 6.3V 0402 X7R
Added Member To Class: ClassName=VALIX_Font14 Member=Component C? (C25) Cap 1.0uF 6.3V 0402 X7R
Added Member To Class: ClassName=VALIX_Font14 Member=Component C? (C26) Cap 0.01uF 50V 0402 X7R
Added Member To Class: ClassName=VALIX_Font14 Member=Component C? (C23) Cap 0.001uF 50V 0402 X7R
Added Member To Class: ClassName=VALIX_Font14 Member=Component C? (C21) Cap 10uF 10V 0805 X7R
Added Member To Class: ClassName=VALIX_Font14 Member=Component C? (C22) Cap 10uF 10V 0805 X7R
Added Member To Class: ClassName=VALIX_Font14 Member=Component C? (C20) Cap 2.2uF 25V 0805 X7R
Added Member To Class: ClassName=VALIX_Font14 Member=Component C? (C17) Cap 0.01uF 50V 0402 X7R
Added Member To Class: ClassName=VALIX_Font14 Member=Component C? (C18) Cap 0.1uF 50V 0402 X7R
Added Member To Class: ClassName=VALIX_Font14 Member=Component C? (C19) Cap 0.01uF 50V 0402 X7R
Added Member To Class: ClassName=VALIX_Font14 Member=Component C? (C2) Cap 22uF 10V 1210 X7R
Added Member To Class: ClassName=VALIX_Font14 Member=Component C? (C3) Cap 22uF 10V 1210 X7R
Added Member To Class: ClassName=VALIX_Font14 Member=Component C? (C4) Cap 10uF 10V 0805 X7R
Added Member To Class: ClassName=VALIX_Font14 Member=Component C? (C5) Cap 10uF 10V 0805 X7R
Added Member To Class: ClassName=VALIX_Font14 Member=Component C? (C6) Cap 10uF 10V 0805 X7R
Added Member To Class: ClassName=VALIX_Font14 Member=Component C? (C7) Cap 2.2uF 25V 0805 X7R
Added Member To Class: ClassName=VALIX_Font14 Member=Component C? (C8) Cap 10uF 10V 0805 X7R
Added Member To Class: ClassName=VALIX_Font14 Member=Component C? (C9) Cap 0.01uF 50V 0402 X7R
Added Member To Class: ClassName=VALIX_Font14 Member=Component C? (C10) Cap 0.01uF 50V 0402 X7R
Added Member To Class: ClassName=VALIX_Font14 Member=Component C? (C11) Cap 22uF 10V 1206 X7R
Added Member To Class: ClassName=VALIX_Font14 Member=Component C? (C12) Cap 10uF 10V 0805 X7R
Added Member To Class: ClassName=VALIX_Font14 Member=Component C? (C13) Cap 10uF 10V 0805 X7R
Added Member To Class: ClassName=VALIX_Font14 Member=Component C? (C14) Cap 2.2uF 25V 0805 X7R
Added Member To Class: ClassName=VALIX_Font14 Member=Component C? (C15) Cap 10uF 10V 0805 X7R
Added Member To Class: ClassName=VALIX_Font14 Member=Component C? (C16) Cap 0.1uF 50V 0402 X7R
Added Member To Class: ClassName=VALIX_Font14 Member=Component D? (D2) Diode 40V 3A
Added Member To Class: ClassName=VALIX_Font14 Member=Component D? (D3) SML-P11MT
Added Member To Class: ClassName=VALIX_Font14 Member=Component J? (J2) Header 2x2 100Pitch
Added Member To Class: ClassName=VALIX_Font14 Member=Component L? (L2) FB 0.5A 80mohm 0402
Added Member To Class: ClassName=VALIX_Font14 Member=Component L? (L3) FB 0.5A 80mohm 0402
Added Member To Class: ClassName=VALIX_Font14 Member=Component LED? (LED2) LED RGB
Added Member To Class: ClassName=VALIX_Font14 Member=Component LED? (LED3) LED RGB
Added Member To Class: ClassName=VALIX_Font14 Member=Component PMOD? (PMOD2) Conn Recept 6x2x0.1 TH SSW
Added Member To Class: ClassName=VALIX_Font14 Member=Component PMOD? (PMOD3) Conn Recept 6x2x0.1 TH SSW
Added Member To Class: ClassName=VALIX_Font14 Member=Component R? (R2) 60.4K
Added Member To Class: ClassName=VALIX_Font14 Member=Component R? (R3) 13.3K
Added Member To Class: ClassName=VALIX_Font14 Member=Component R? (R4) 61.9K
Added Member To Class: ClassName=VALIX_Font14 Member=Component R? (R5) 100
Added Member To Class: ClassName=VALIX_Font14 Member=Component R? (R6) 392
Added Member To Class: ClassName=VALIX_Font14 Member=Component R? (R7) 100
Added Member To Class: ClassName=VALIX_Font14 Member=Component R? (R8) 715
Added Member To Class: ClassName=VALIX_Font14 Member=Component R? (R9) 280K
Added Member To Class: ClassName=VALIX_Font14 Member=Component R? (R10) 100
Added Member To Class: ClassName=VALIX_Font14 Member=Component R? (R11) 150
Added Member To Class: ClassName=VALIX_Font14 Member=Component R? (R12) 392
Added Member To Class: ClassName=VALIX_Font14 Member=Component R? (R13) 100
Added Member To Class: ClassName=VALIX_Font14 Member=Component R? (R14) 100
Added Member To Class: ClassName=VALIX_Font14 Member=Component R? (R15) 1.0K
Added Member To Class: ClassName=VALIX_Font14 Member=Component R? (R16) 392
Added Member To Class: ClassName=VALIX_Font14 Member=Component R? (R17) 1.0K
Added Member To Class: ClassName=VALIX_Font14 Member=Component R? (R18) 100
Added Member To Class: ClassName=VALIX_Font14 Member=Component R? (R19) 1.0K
Added Member To Class: ClassName=VALIX_Font14 Member=Component R? (R20) 1.0K
Added Member To Class: ClassName=VALIX_Font14 Member=Component R? (R21) 1.0K
Added Member To Class: ClassName=VALIX_Font14 Member=Component R? (R22) 1.0K
Added Member To Class: ClassName=VALIX_Font14 Member=Component R? (R23) 1.0K
Added Member To Class: ClassName=VALIX_Font14 Member=Component R? (R24) 2.21K
Added Member To Class: ClassName=VALIX_Font14 Member=Component R? (R25) 1.0K
Added Member To Class: ClassName=VALIX_Font14 Member=Component R? (R26) 10K
Added Member To Class: ClassName=VALIX_Font14 Member=Component R? (R27) 10K
Added Member To Class: ClassName=VALIX_Font14 Member=Component R? (R28) 10K
Added Member To Class: ClassName=VALIX_Font14 Member=Component R? (R29) 10K
Added Member To Class: ClassName=VALIX_Font14 Member=Component R? (R30) 1.0K
Added Member To Class: ClassName=VALIX_Font14 Member=Component R? (R31) 1.0K
Added Member To Class: ClassName=VALIX_Font14 Member=Component R? (R32) 1.0K
Added Member To Class: ClassName=VALIX_Font14 Member=Component R? (R33) 2.21K
Added Member To Class: ClassName=VALIX_Font14 Member=Component R? (R34) 1.0K
Added Member To Class: ClassName=VALIX_Font14 Member=Component R? (R35) 1.0K
Added Member To Class: ClassName=VALIX_Font14 Member=Component R? (R36) 1.0K
Added Member To Class: ClassName=VALIX_Font14 Member=Component R? (R37) 1.0K
Added Member To Class: ClassName=VALIX_Font14 Member=Component R? (R38) 1.0K
Added Member To Class: ClassName=VALIX_Font14 Member=Component U? (U2) MR0A16A
Added Member To Class: ClassName=VALIX_Font14 Member=Component U? (U3) LTM4622
Added Member To Class: ClassName=VALIX_Font14 Member=Component U? (U4) LT3060EDC-2.5
Added Member To Class: ClassName=VALIX_Font14 Member=Component U? (U5) LT3060EDC-1.2
Added Member To Class: ClassName=VALIX_Font14 Member=Component U? (U6) LT3065-adj
Added Member To Class: ClassName=VALIX_Font14 Member=Component U? (U7) 50MHz
Added Member To Class: ClassName=VALIX_Font14 Member=Component U? (U8A) LT6014CDD
Added Member To Class: ClassName=VALIX_Font14 Member=Component U? (U9) 93LC46B
Added Member To Class: ClassName=VALIX_Font14 Member=Component U? (U10A) LT6014CDD
Added Member To Class: ClassName=VALIX_Font14 Member=Component U? (U11) 25MHz
Added Member To Class: ClassName=VALIX_Font14 Member=Component U? (U12) IC FT2232HL-Tray
