Removed Pin From Net: NetName=RTN1 Pin=HD1-3
Removed Pin From Net: NetName=VIN1 Pin=HD1-4
Removed Pin From Net: NetName=RTN2 Pin=HD1-5
Removed Pin From Net: NetName=VIN2 Pin=HD1-6
Removed Pin From Net: NetName=RTN3 Pin=HD1-9
Removed Pin From Net: NetName=VIN3 Pin=HD1-10
Removed Pin From Net: NetName=RTN4 Pin=HD1-11
Removed Pin From Net: NetName=VIN4 Pin=HD1-12
Removed Pin From Net: NetName=AD5 Pin=HD1-13
Removed Pin From Net: NetName=AD6 Pin=HD1-14
Removed Pin From Net: NetName=AD7 Pin=HD1-15
Removed Pin From Net: NetName=AD8 Pin=HD1-16
Added Pin To Net: NetName=AD7 Pin=HD1-3
Added Pin To Net: NetName=AD8 Pin=HD1-4
Added Pin To Net: NetName=AD5 Pin=HD1-5
Added Pin To Net: NetName=AD6 Pin=HD1-6
Added Pin To Net: NetName=RTN4 Pin=HD1-9
Added Pin To Net: NetName=VIN4 Pin=HD1-10
Added Pin To Net: NetName=RTN3 Pin=HD1-11
Added Pin To Net: NetName=VIN3 Pin=HD1-12
Added Pin To Net: NetName=RTN2 Pin=HD1-13
Added Pin To Net: NetName=VIN2 Pin=HD1-14
Added Pin To Net: NetName=RTN1 Pin=HD1-15
Added Pin To Net: NetName=VIN1 Pin=HD1-16
