Removed Pin From Net: NetName=PMOD2-7 Pin=U1-L7
Removed Pin From Net: NetName=PMOD3-4 Pin=U1-L8
Removed Pin From Net: NetName=PMOD2-8 Pin=U1-M6
Removed Pin From Net: NetName=PMOD3-7 Pin=U1-M7
Removed Pin From Net: NetName=PMOD2-1 Pin=U1-N5
Removed Pin From Net: NetName=PMOD2-4 Pin=U1-P2
Removed Pin From Net: NetName=PMOD2-2 Pin=U1-P4
Removed Pin From Net: NetName=PMOD3-8 Pin=U1-P6
Removed Pin From Net: NetName=PMOD2-3 Pin=U1-R1
Removed Pin From Net: NetName=PMOD2-9 Pin=U1-R2
Removed Pin From Net: NetName=PMOD2-10 Pin=U1-R3
Removed Pin From Net: NetName=PMOD3-1 Pin=U1-R6
Removed Pin From Net: NetName=PMOD3-9 Pin=U1-R7
Removed Pin From Net: NetName=PMOD3-10 Pin=U1-R8
Removed Pin From Net: NetName=PMOD3-2 Pin=U1-T4
Removed Pin From Net: NetName=PMOD3-3 Pin=U1-T5
Added Pin To Net: NetName=PMOD2-1 Pin=U1-P5
Added Pin To Net: NetName=PMOD3-1 Pin=U1-P6
Added Pin To Net: NetName=PMOD3-7 Pin=U1-P8
Added Pin To Net: NetName=PMOD3-8 Pin=U1-P9
Added Pin To Net: NetName=PMOD2-2 Pin=U1-R4
Added Pin To Net: NetName=PMOD2-7 Pin=U1-R5
Added Pin To Net: NetName=PMOD2-8 Pin=U1-R6
Added Pin To Net: NetName=PMOD3-2 Pin=U1-R7
Added Pin To Net: NetName=PMOD3-3 Pin=U1-R8
Added Pin To Net: NetName=PMOD3-9 Pin=U1-R9
Added Pin To Net: NetName=PMOD2-3 Pin=U1-T2
Added Pin To Net: NetName=PMOD2-4 Pin=U1-T3
Added Pin To Net: NetName=PMOD2-9 Pin=U1-T4
Added Pin To Net: NetName=PMOD2-10 Pin=U1-T5
Added Pin To Net: NetName=PMOD3-4 Pin=U1-T8
Added Pin To Net: NetName=PMOD3-10 Pin=U1-T9
