Added Component: Designator=U1(BGA256C100P16X16_1700X1700X155)
Added Pin To Net: NetName=GND Pin=U1-A1
Added Pin To Net: NetName=MRAM_LB Pin=U1-A5
Added Pin To Net: NetName=MRAM_E Pin=U1-A6
Added Pin To Net: NetName=MRAM_A13 Pin=U1-A8
Added Pin To Net: NetName=MRAM_A8 Pin=U1-A11
Added Pin To Net: NetName=MRAM_A9 Pin=U1-A12
Added Pin To Net: NetName=LED3_G Pin=U1-A13
Added Pin To Net: NetName=GND Pin=U1-A16
Added Pin To Net: NetName=MRAM_W Pin=U1-B5
Added Pin To Net: NetName=MRAM_A14 Pin=U1-B6
Added Pin To Net: NetName=MRAM_A11 Pin=U1-B7
Added Pin To Net: NetName=MRAM_A10 Pin=U1-B8
Added Pin To Net: NetName=MRAM_A12 Pin=U1-B9
Added Pin To Net: NetName=MRAM_A7 Pin=U1-B10
Added Pin To Net: NetName=MRAM_A5 Pin=U1-B11
Added Pin To Net: NetName=MRAM_A4 Pin=U1-B12
Added Pin To Net: NetName=LED3_R Pin=U1-B13
Added Pin To Net: NetName=GND Pin=U1-B14
Added Pin To Net: NetName=MRAM_G Pin=U1-C5
Added Pin To Net: NetName=MRAM_A15 Pin=U1-C6
Added Pin To Net: NetName=NetC53_1 Pin=U1-C7
Added Pin To Net: NetName=GND Pin=U1-C8
Added Pin To Net: NetName=MRAM_A1 Pin=U1-C9
Added Pin To Net: NetName=MRAM_A6 Pin=U1-C10
Added Pin To Net: NetName=GND Pin=U1-C11
Added Pin To Net: NetName=LED1_G Pin=U1-C12
Added Pin To Net: NetName=LED1_B Pin=U1-C13
Added Pin To Net: NetName=MRAM_DQU9 Pin=U1-C16
Added Pin To Net: NetName=GND Pin=U1-D3
Added Pin To Net: NetName=NetC48_1 Pin=U1-D5
Added Pin To Net: NetName=GND Pin=U1-D6
Added Pin To Net: NetName=NetC53_1 Pin=U1-D7
Added Pin To Net: NetName=NetC53_1 Pin=U1-D8
Added Pin To Net: NetName=MRAM_A0 Pin=U1-D9
Added Pin To Net: NetName=NetC53_1 Pin=U1-D10
Added Pin To Net: NetName=NetC53_1 Pin=U1-D11
Added Pin To Net: NetName=NetC28_1 Pin=U1-D13
Added Pin To Net: NetName=MRAM_DQU8 Pin=U1-D16
Added Pin To Net: NetName=GND Pin=U1-E2
Added Pin To Net: NetName=NetC48_1 Pin=U1-E5
Added Pin To Net: NetName=GND Pin=U1-E6
Added Pin To Net: NetName=MRAM_A3 Pin=U1-E9
Added Pin To Net: NetName=LED3_B Pin=U1-E10
Added Pin To Net: NetName=LED1_R Pin=U1-E11
Added Pin To Net: NetName=NetC48_1 Pin=U1-E12
Added Pin To Net: NetName=GND Pin=U1-E13
Added Pin To Net: NetName=AD2 Pin=U1-F4
Added Pin To Net: NetName=AD1 Pin=U1-F5
Added Pin To Net: NetName=NetC28_1 Pin=U1-F6
Added Pin To Net: NetName=MRAM_UB Pin=U1-F7
Added Pin To Net: NetName=MRAM_A2 Pin=U1-F9
Added Pin To Net: NetName=LED2_G Pin=U1-F10
Added Pin To Net: NetName=LED2_B Pin=U1-F11
Added Pin To Net: NetName=LED2_R Pin=U1-F12
Added Pin To Net: NetName=NetC53_1 Pin=U1-F13
Added Pin To Net: NetName=GND Pin=U1-F15
Added Pin To Net: NetName=MRAM_DQU15 Pin=U1-F16
Added Pin To Net: NetName=TDI Pin=U1-G1
Added Pin To Net: NetName=GND Pin=U1-G3
Added Pin To Net: NetName=NetC53_1 Pin=U1-G4
Added Pin To Net: NetName=AD4 Pin=U1-G5
Added Pin To Net: NetName=EN Pin=U1-G6
Added Pin To Net: NetName=NetC28_1 Pin=U1-G7
Added Pin To Net: NetName=GND Pin=U1-G8
Added Pin To Net: NetName=NetC28_1 Pin=U1-G9
Added Pin To Net: NetName=GND Pin=U1-G10
Added Pin To Net: NetName=NetC53_1 Pin=U1-G13
Added Pin To Net: NetName=MRAM_DQU12 Pin=U1-G14
Added Pin To Net: NetName=MRAM_DQU13 Pin=U1-G15
Added Pin To Net: NetName=MRAM_DQU14 Pin=U1-G16
Added Pin To Net: NetName=TDO Pin=U1-H1
Added Pin To Net: NetName=TMS Pin=U1-H2
Added Pin To Net: NetName=TCK Pin=U1-H3
Added Pin To Net: NetName=NetC53_1 Pin=U1-H4
Added Pin To Net: NetName=AD3 Pin=U1-H5
Added Pin To Net: NetName=GND Pin=U1-H7
Added Pin To Net: NetName=NetC28_1 Pin=U1-H8
Added Pin To Net: NetName=NetC28_1 Pin=U1-H9
Added Pin To Net: NetName=NetC28_1 Pin=U1-H10
Added Pin To Net: NetName=MRAM_DQU10 Pin=U1-H11
Added Pin To Net: NetName=MRAM_DQU11 Pin=U1-H12
Added Pin To Net: NetName=NetC53_1 Pin=U1-H13
Added Pin To Net: NetName=GND Pin=U1-H14
Added Pin To Net: NetName=MRAM_DQL6 Pin=U1-H15
Added Pin To Net: NetName=MRAM_DQL7 Pin=U1-H16
Added Pin To Net: NetName=NetC53_1 Pin=U1-J4
Added Pin To Net: NetName=NetC28_1 Pin=U1-J7
Added Pin To Net: NetName=NetC28_1 Pin=U1-J8
Added Pin To Net: NetName=NetC28_1 Pin=U1-J9
Added Pin To Net: NetName=GND Pin=U1-J10
Added Pin To Net: NetName=MRAM_DQL0 Pin=U1-J11
Added Pin To Net: NetName=MRAM_DQL1 Pin=U1-J12
Added Pin To Net: NetName=NetC53_1 Pin=U1-J13
Added Pin To Net: NetName=MRAM_DQL2 Pin=U1-J14
Added Pin To Net: NetName=MRAM_DQL4 Pin=U1-J15
Added Pin To Net: NetName=MRAM_DQL5 Pin=U1-J16
Added Pin To Net: NetName=GND Pin=U1-K1
Added Pin To Net: NetName=GND Pin=U1-K3
Added Pin To Net: NetName=NetC53_1 Pin=U1-K4
Added Pin To Net: NetName=NetU1_K6 Pin=U1-K6
Added Pin To Net: NetName=GND Pin=U1-K7
Added Pin To Net: NetName=NetC28_1 Pin=U1-K8
Added Pin To Net: NetName=GND Pin=U1-K9
Added Pin To Net: NetName=NetC28_1 Pin=U1-K10
Added Pin To Net: NetName=NetC53_1 Pin=U1-K13
Added Pin To Net: NetName=MRAM_DQL3 Pin=U1-K15
Added Pin To Net: NetName=GND Pin=U1-K16
Added Pin To Net: NetName=NetU1_K6 Pin=U1-L3
Added Pin To Net: NetName=NetC53_1 Pin=U1-L4
Added Pin To Net: NetName=NetC48_1 Pin=U1-L5
Added Pin To Net: NetName=PMOD2-7 Pin=U1-L7
Added Pin To Net: NetName=PMOD3-4 Pin=U1-L8
Added Pin To Net: NetName=RX2 Pin=U1-L9
Added Pin To Net: NetName=PMOD1-7 Pin=U1-L11
Added Pin To Net: NetName=PMOD1-8 Pin=U1-L12
Added Pin To Net: NetName=NetC53_1 Pin=U1-L13
Added Pin To Net: NetName=GND Pin=U1-L14
Added Pin To Net: NetName=GND Pin=U1-M4
Added Pin To Net: NetName=NetC28_1 Pin=U1-M5
Added Pin To Net: NetName=PMOD2-8 Pin=U1-M6
Added Pin To Net: NetName=PMOD3-7 Pin=U1-M7
Added Pin To Net: NetName=TX2 Pin=U1-M10
Added Pin To Net: NetName=NetC48_1 Pin=U1-M12
Added Pin To Net: NetName=NetC53_1 Pin=U1-M13
Added Pin To Net: NetName=PMOD2-1 Pin=U1-N5
Added Pin To Net: NetName=NetC53_1 Pin=U1-N6
Added Pin To Net: NetName=NetC53_1 Pin=U1-N7
Added Pin To Net: NetName=NetC53_1 Pin=U1-N8
Added Pin To Net: NetName=GND Pin=U1-N9
Added Pin To Net: NetName=NetC53_1 Pin=U1-N10
Added Pin To Net: NetName=NetC53_1 Pin=U1-N11
Added Pin To Net: NetName=GND Pin=U1-N12
Added Pin To Net: NetName=PMOD1-9 Pin=U1-N14
Added Pin To Net: NetName=GND Pin=U1-N15
Added Pin To Net: NetName=PMOD2-4 Pin=U1-P2
Added Pin To Net: NetName=GND Pin=U1-P3
Added Pin To Net: NetName=PMOD2-2 Pin=U1-P4
Added Pin To Net: NetName=PMOD3-8 Pin=U1-P6
Added Pin To Net: NetName=GND Pin=U1-P7
Added Pin To Net: NetName=TX1 Pin=U1-P10
Added Pin To Net: NetName=RX1 Pin=U1-P11
Added Pin To Net: NetName=PMOD1-1 Pin=U1-P14
Added Pin To Net: NetName=PMOD1-10 Pin=U1-P15
Added Pin To Net: NetName=PMOD2-3 Pin=U1-R1
Added Pin To Net: NetName=PMOD2-9 Pin=U1-R2
Added Pin To Net: NetName=PMOD2-10 Pin=U1-R3
Added Pin To Net: NetName=PMOD3-1 Pin=U1-R6
Added Pin To Net: NetName=PMOD3-9 Pin=U1-R7
Added Pin To Net: NetName=PMOD3-10 Pin=U1-R8
Added Pin To Net: NetName=GND Pin=U1-R13
Added Pin To Net: NetName=PMOD1-2 Pin=U1-R14
Added Pin To Net: NetName=GND Pin=U1-T1
Added Pin To Net: NetName=PMOD3-2 Pin=U1-T4
Added Pin To Net: NetName=PMOD3-3 Pin=U1-T5
Added Pin To Net: NetName=GND Pin=U1-T10
Added Pin To Net: NetName=PMOD1-3 Pin=U1-T14
Added Pin To Net: NetName=PMOD1-4 Pin=U1-T15
Added Pin To Net: NetName=GND Pin=U1-T16
Added Member To Class: ClassName=VALIX_Font14 Member=Component U1 10M08DA
