Removed Pin From Net: NetName=NetR35_2 Pin=U1-E4
Change Component Designator: OldDesignator=C6 NewDesignator=C7
Change Component Designator: OldDesignator=C7 NewDesignator=C9
Change Component Designator: OldDesignator=C8 NewDesignator=C10
Change Component Designator: OldDesignator=C9 NewDesignator=C12
Change Component Designator: OldDesignator=C10 NewDesignator=C14
Change Component Designator: OldDesignator=C11 NewDesignator=C15
Change Component Designator: OldDesignator=C12 NewDesignator=C16
Change Component Designator: OldDesignator=C13 NewDesignator=C6
Change Component Designator: OldDesignator=C14 NewDesignator=C8
Change Component Designator: OldDesignator=C15 NewDesignator=C20
Change Component Designator: OldDesignator=C16 NewDesignator=C21
Change Component Designator: OldDesignator=C17 NewDesignator=C11
Change Component Designator: OldDesignator=C18 NewDesignator=C22
Change Component Designator: OldDesignator=C19 NewDesignator=C13
Change Component Designator: OldDesignator=C20 NewDesignator=C24
Change Component Designator: OldDesignator=C21 NewDesignator=C17
Change Component Designator: OldDesignator=C22 NewDesignator=C18
Change Component Designator: OldDesignator=C23 NewDesignator=C19
Change Component Designator: OldDesignator=C24 NewDesignator=C25
Change Component Designator: OldDesignator=C25 NewDesignator=C29
Change Component Designator: OldDesignator=C26 NewDesignator=C23
Change Component Designator: OldDesignator=C27 NewDesignator=C33
Change Component Designator: OldDesignator=C28 NewDesignator=C26
Change Component Designator: OldDesignator=C29 NewDesignator=C27
Change Component Designator: OldDesignator=C30 NewDesignator=C28
Change Component Designator: OldDesignator=C31 NewDesignator=C38
Change Component Designator: OldDesignator=C32 NewDesignator=C39
Change Component Designator: OldDesignator=C33 NewDesignator=C40
Change Component Designator: OldDesignator=C34 NewDesignator=C41
Change Component Designator: OldDesignator=C35 NewDesignator=C42
Change Component Designator: OldDesignator=C36 NewDesignator=C43
Change Component Designator: OldDesignator=C37 NewDesignator=C44
Change Component Designator: OldDesignator=C38 NewDesignator=C45
Change Component Designator: OldDesignator=C39 NewDesignator=C46
Change Component Designator: OldDesignator=C40 NewDesignator=C47
Change Component Designator: OldDesignator=C41 NewDesignator=C52
Change Component Designator: OldDesignator=C42 NewDesignator=C30
Change Component Designator: OldDesignator=C43 NewDesignator=C31
Change Component Designator: OldDesignator=C44 NewDesignator=C32
Change Component Designator: OldDesignator=C45 NewDesignator=C53
Change Component Designator: OldDesignator=C46 NewDesignator=C54
Change Component Designator: OldDesignator=C47 NewDesignator=C55
Change Component Designator: OldDesignator=C48 NewDesignator=C34
Change Component Designator: OldDesignator=C49 NewDesignator=C35
Change Component Designator: OldDesignator=C50 NewDesignator=C36
Change Component Designator: OldDesignator=C51 NewDesignator=C37
Change Component Designator: OldDesignator=C52 NewDesignator=C60
Change Component Designator: OldDesignator=C53 NewDesignator=C48
Change Component Designator: OldDesignator=C54 NewDesignator=C49
Change Component Designator: OldDesignator=C55 NewDesignator=C50
Change Component Designator: OldDesignator=C56 NewDesignator=C51
Change Component Designator: OldDesignator=C57 NewDesignator=C65
Change Component Designator: OldDesignator=C58 NewDesignator=C56
Change Component Designator: OldDesignator=C59 NewDesignator=C57
Change Component Designator: OldDesignator=C60 NewDesignator=C58
Change Component Designator: OldDesignator=C61 NewDesignator=C59
Change Component Designator: OldDesignator=C62 NewDesignator=C67
Change Component Designator: OldDesignator=C63 NewDesignator=C68
Change Component Designator: OldDesignator=C64 NewDesignator=C69
Change Component Designator: OldDesignator=C65 NewDesignator=C61
Change Component Designator: OldDesignator=C66 NewDesignator=C62
Change Component Designator: OldDesignator=C67 NewDesignator=C63
Change Component Designator: OldDesignator=C68 NewDesignator=C64
Change Component Designator: OldDesignator=C69 NewDesignator=C70
Change Component Designator: OldDesignator=C70 NewDesignator=C71
Change Component Designator: OldDesignator=C71 NewDesignator=C73
Change Component Designator: OldDesignator=R2 NewDesignator=R3
Change Component Designator: OldDesignator=R3 NewDesignator=R4
Change Component Designator: OldDesignator=R4 NewDesignator=R2
Change Component Designator: OldDesignator=R5 NewDesignator=R8
Change Component Designator: OldDesignator=R6 NewDesignator=R9
Change Component Designator: OldDesignator=R7 NewDesignator=R10
Change Component Designator: OldDesignator=R8 NewDesignator=R5
Change Component Designator: OldDesignator=R9 NewDesignator=R6
Change Component Designator: OldDesignator=R10 NewDesignator=R11
Change Component Designator: OldDesignator=R11 NewDesignator=R7
Change Component Designator: OldDesignator=R15 NewDesignator=R16
Change Component Designator: OldDesignator=R16 NewDesignator=R15
Change Component Designator: OldDesignator=R17 NewDesignator=R18
Change Component Designator: OldDesignator=R18 NewDesignator=R17
Change Component Designator: OldDesignator=R24 NewDesignator=R25
Change Component Designator: OldDesignator=R25 NewDesignator=R24
Change Component Designator: OldDesignator=R37 NewDesignator=R38
Change Component Designator: OldDesignator=R38 NewDesignator=R37
Change Component Designator: OldDesignator=R40 NewDesignator=R41
Change Component Designator: OldDesignator=R41 NewDesignator=R40
Change Component Designator: OldDesignator=U4 NewDesignator=U5
Change Component Designator: OldDesignator=U5 NewDesignator=U4
Change Component Designator: OldDesignator=U9 NewDesignator=U10
Change Component Designator: OldDesignator=U10 NewDesignator=U9
Change Component Designator: OldDesignator=U12 NewDesignator=U13
Change Component Designator: OldDesignator=U13 NewDesignator=U14
Added Component: Designator=C66(CC0402_p56_TLH)
Added Component: Designator=C72(CC0402_p56_TLH)
Added Component: Designator=L4(Chip2PinSM127P600-8N_TLH20150921)
Added Component: Designator=U12(DFN8_3x3_SON50P300X80_HS-9N_20151201)
Added Pin To Net: NetName=GND Pin=C66-2
Added Pin To Net: NetName=3.3V Pin=C72-1
Added Pin To Net: NetName=GND Pin=C72-2
Added Pin To Net: NetName=2.5V Pin=L4-1
Added Pin To Net: NetName=NetR38_2 Pin=U12-3
Added Pin To Net: NetName=GND Pin=U12-4
Added Pin To Net: NetName=GND Pin=U12-5
Added Pin To Net: NetName=GND Pin=U12-6
Added Pin To Net: NetName=3.3V Pin=U12-8
Change Net Name : Old Net Name=NetC9_1 New Net Name=NetC12_1
Change Net Name : Old Net Name=NetC10_1 New Net Name=NetC14_1
Change Net Name : Old Net Name=NetC16_1 New Net Name=NetC21_1
Change Net Name : Old Net Name=NetC17_1 New Net Name=NetC11_1
Change Net Name : Old Net Name=NetC18_1 New Net Name=NetC22_1
Change Net Name : Old Net Name=NetC19_1 New Net Name=NetC13_1
Change Net Name : Old Net Name=NetC23_2 New Net Name=NetC19_2
Change Net Name : Old Net Name=NetC26_1 New Net Name=NetC23_1
Change Net Name : Old Net Name=NetC27_1 New Net Name=NetC33_1
Change Net Name : Old Net Name=NetC28_1 New Net Name=NetC26_1
Change Net Name : Old Net Name=NetC39_1 New Net Name=NetC46_1
Change Net Name : Old Net Name=NetC46_1 New Net Name=NetC54_1
Change Net Name : Old Net Name=NetC48_1 New Net Name=NetC34_1
Change Net Name : Old Net Name=NetC52_1 New Net Name=NetC60_1
Change Net Name : Old Net Name=NetC53_1 New Net Name=NetC48_1
Change Net Name : Old Net Name=NetC57_1 New Net Name=NetC65_1
Change Net Name : Old Net Name=NetC63_1 New Net Name=NetC68_1
Change Net Name : Old Net Name=NetC70_1 New Net Name=NetC71_1
Change Net Name : Old Net Name=NetC71_1 New Net Name=NetC73_1
Change Net Name : Old Net Name=NetR2_1 New Net Name=NetR3_1
Change Net Name : Old Net Name=NetR3_1 New Net Name=NetR4_1
Change Net Name : Old Net Name=NetR11_1 New Net Name=NetR7_1
Change Net Name : Old Net Name=NetR24_2 New Net Name=NetR25_2
Change Net Name : Old Net Name=NetR38_2 New Net Name=NetR37_2
Added Pin To Net: NetName=NetC66_1 Pin=C66-1
Added Pin To Net: NetName=NetC66_1 Pin=L4-2
Added Pin To Net: NetName=NetC66_1 Pin=U1-E4
Added Net: Name=NetC66_1
Added Pin To Net: NetName=VREF_ID Pin=C46-2
Added Pin To Net: NetName=VREF_ID Pin=C60-2
Added Pin To Net: NetName=VREF_ID Pin=C68-2
Added Pin To Net: NetName=VREF_ID Pin=C73-2
Added Pin To Net: NetName=VREF_ID Pin=R20-2
Added Pin To Net: NetName=VREF_ID Pin=R24-2
Added Pin To Net: NetName=VREF_ID Pin=R34-2
Added Pin To Net: NetName=VREF_ID Pin=R41-2
Added Pin To Net: NetName=VREF_ID Pin=U12-1
Added Pin To Net: NetName=VREF_ID Pin=U12-2
Added Net: Name=VREF_ID
Added Member To Class: ClassName=VALIX_Font14 Member=Component C72 Cap 1.0uF 6.3V 0402 X7R
Added Member To Class: ClassName=VALIX_Font14 Member=Component C73 Cap 47pF 50V 0402 NPO
Added Member To Class: ClassName=VALIX_Font14 Member=Component L4 FB 0.5A 80mohm 0402
Added Member To Class: ClassName=VALIX_Font14 Member=Component U14 IC FT2232HL-Tray
